CRITICAL - 2025-04-14 11:05:34 --> The Checkout Session's total amount due must add up to at least $10.00 mxn
in FCPATH\vendor\stripe\stripe-php\lib\Exception\ApiErrorException.php on line 38.
 1 FCPATH\vendor\stripe\stripe-php\lib\Exception\InvalidRequestException.php(35): Stripe\Exception\ApiErrorException::factory('The Checkout Session\'s total amount due must add up to at least $10.00 mxn', 400, '{
  "error": {
    "code": "amount_too_small",
    "doc_url": "https://stripe.com/docs/error-codes/amount-too-small",
    "message": "The Checkout Session\'s total amount due must add up to at least $10.00 mxn",
    "request_log_url": "https://dashboard.stripe.com/test/logs/req_JVz668014ZTXkk?t=1744650335",
    "type": "invalid_request_error"
  }
}
', [...], Object(Stripe\Util\CaseInsensitiveArray), 'amount_too_small')
 2 FCPATH\vendor\stripe\stripe-php\lib\ApiRequestor.php(218): Stripe\Exception\InvalidRequestException::factory('The Checkout Session\'s total amount due must add up to at least $10.00 mxn', 400, '{
  "error": {
    "code": "amount_too_small",
    "doc_url": "https://stripe.com/docs/error-codes/amount-too-small",
    "message": "The Checkout Session\'s total amount due must add up to at least $10.00 mxn",
    "request_log_url": "https://dashboard.stripe.com/test/logs/req_JVz668014ZTXkk?t=1744650335",
    "type": "invalid_request_error"
  }
}
', [...], Object(Stripe\Util\CaseInsensitiveArray), 'amount_too_small', null)
 3 FCPATH\vendor\stripe\stripe-php\lib\ApiRequestor.php(180): Stripe\ApiRequestor::_specificAPIError('{
  "error": {
    "code": "amount_too_small",
    "doc_url": "https://stripe.com/docs/error-codes/amount-too-small",
    "message": "The Checkout Session\'s total amount due must add up to at least $10.00 mxn",
    "request_log_url": "https://dashboard.stripe.com/test/logs/req_JVz668014ZTXkk?t=1744650335",
    "type": "invalid_request_error"
  }
}
', 400, Object(Stripe\Util\CaseInsensitiveArray), [...], [...])
 4 FCPATH\vendor\stripe\stripe-php\lib\ApiRequestor.php(564): Stripe\ApiRequestor->handleErrorResponse('{
  "error": {
    "code": "amount_too_small",
    "doc_url": "https://stripe.com/docs/error-codes/amount-too-small",
    "message": "The Checkout Session\'s total amount due must add up to at least $10.00 mxn",
    "request_log_url": "https://dashboard.stripe.com/test/logs/req_JVz668014ZTXkk?t=1744650335",
    "type": "invalid_request_error"
  }
}
', 400, Object(Stripe\Util\CaseInsensitiveArray), [...])
 5 FCPATH\vendor\stripe\stripe-php\lib\ApiRequestor.php(128): Stripe\ApiRequestor->_interpretResponse('{
  "error": {
    "code": "amount_too_small",
    "doc_url": "https://stripe.com/docs/error-codes/amount-too-small",
    "message": "The Checkout Session\'s total amount due must add up to at least $10.00 mxn",
    "request_log_url": "https://dashboard.stripe.com/test/logs/req_JVz668014ZTXkk?t=1744650335",
    "type": "invalid_request_error"
  }
}
', 400, Object(Stripe\Util\CaseInsensitiveArray))
 6 FCPATH\vendor\stripe\stripe-php\lib\BaseStripeClient.php(145): Stripe\ApiRequestor->request('post', '/v1/payment_links', [...], [...], [...])
 7 FCPATH\vendor\stripe\stripe-php\lib\Service\AbstractService.php(75): Stripe\BaseStripeClient->request('post', '/v1/payment_links', [...], Object(Stripe\Util\RequestOptions))
 8 FCPATH\vendor\stripe\stripe-php\lib\Service\PaymentLinkService.php(55): Stripe\Service\AbstractService->request('post', '/v1/payment_links', [...], null)
 9 APPPATH\Controllers\Stripe.php(114): Stripe\Service\PaymentLinkService->create([...])
10 SYSTEMPATH\CodeIgniter.php(942): App\Controllers\Stripe->createPaymentLink()
11 SYSTEMPATH\CodeIgniter.php(502): CodeIgniter\CodeIgniter->runController(Object(App\Controllers\Stripe))
12 SYSTEMPATH\CodeIgniter.php(361): CodeIgniter\CodeIgniter->handleRequest(null, Object(Config\Cache), false)
13 FCPATH\index.php(79): CodeIgniter\CodeIgniter->run()
CRITICAL - 2025-04-14 11:05:39 --> Invalid integer: 
in FCPATH\vendor\stripe\stripe-php\lib\Exception\ApiErrorException.php on line 38.
 1 FCPATH\vendor\stripe\stripe-php\lib\Exception\InvalidRequestException.php(35): Stripe\Exception\ApiErrorException::factory('Invalid integer: ', 400, '{
  "error": {
    "code": "parameter_invalid_integer",
    "doc_url": "https://stripe.com/docs/error-codes/parameter-invalid-integer",
    "message": "Invalid integer: ",
    "param": "unit_amount",
    "request_log_url": "https://dashboard.stripe.com/test/logs/req_hQWuhVVu3DyhPd?t=1744650340",
    "type": "invalid_request_error"
  }
}
', [...], Object(Stripe\Util\CaseInsensitiveArray), 'parameter_invalid_integer')
 2 FCPATH\vendor\stripe\stripe-php\lib\ApiRequestor.php(218): Stripe\Exception\InvalidRequestException::factory('Invalid integer: ', 400, '{
  "error": {
    "code": "parameter_invalid_integer",
    "doc_url": "https://stripe.com/docs/error-codes/parameter-invalid-integer",
    "message": "Invalid integer: ",
    "param": "unit_amount",
    "request_log_url": "https://dashboard.stripe.com/test/logs/req_hQWuhVVu3DyhPd?t=1744650340",
    "type": "invalid_request_error"
  }
}
', [...], Object(Stripe\Util\CaseInsensitiveArray), 'parameter_invalid_integer', 'unit_amount')
 3 FCPATH\vendor\stripe\stripe-php\lib\ApiRequestor.php(180): Stripe\ApiRequestor::_specificAPIError('{
  "error": {
    "code": "parameter_invalid_integer",
    "doc_url": "https://stripe.com/docs/error-codes/parameter-invalid-integer",
    "message": "Invalid integer: ",
    "param": "unit_amount",
    "request_log_url": "https://dashboard.stripe.com/test/logs/req_hQWuhVVu3DyhPd?t=1744650340",
    "type": "invalid_request_error"
  }
}
', 400, Object(Stripe\Util\CaseInsensitiveArray), [...], [...])
 4 FCPATH\vendor\stripe\stripe-php\lib\ApiRequestor.php(564): Stripe\ApiRequestor->handleErrorResponse('{
  "error": {
    "code": "parameter_invalid_integer",
    "doc_url": "https://stripe.com/docs/error-codes/parameter-invalid-integer",
    "message": "Invalid integer: ",
    "param": "unit_amount",
    "request_log_url": "https://dashboard.stripe.com/test/logs/req_hQWuhVVu3DyhPd?t=1744650340",
    "type": "invalid_request_error"
  }
}
', 400, Object(Stripe\Util\CaseInsensitiveArray), [...])
 5 FCPATH\vendor\stripe\stripe-php\lib\ApiRequestor.php(128): Stripe\ApiRequestor->_interpretResponse('{
  "error": {
    "code": "parameter_invalid_integer",
    "doc_url": "https://stripe.com/docs/error-codes/parameter-invalid-integer",
    "message": "Invalid integer: ",
    "param": "unit_amount",
    "request_log_url": "https://dashboard.stripe.com/test/logs/req_hQWuhVVu3DyhPd?t=1744650340",
    "type": "invalid_request_error"
  }
}
', 400, Object(Stripe\Util\CaseInsensitiveArray))
 6 FCPATH\vendor\stripe\stripe-php\lib\BaseStripeClient.php(145): Stripe\ApiRequestor->request('post', '/v1/prices', [...], [...], [...])
 7 FCPATH\vendor\stripe\stripe-php\lib\Service\AbstractService.php(75): Stripe\BaseStripeClient->request('post', '/v1/prices', [...], Object(Stripe\Util\RequestOptions))
 8 FCPATH\vendor\stripe\stripe-php\lib\Service\PriceService.php(39): Stripe\Service\AbstractService->request('post', '/v1/prices', [...], null)
 9 APPPATH\Controllers\Stripe.php(105): Stripe\Service\PriceService->create([...])
10 SYSTEMPATH\CodeIgniter.php(942): App\Controllers\Stripe->createPaymentLink()
11 SYSTEMPATH\CodeIgniter.php(502): CodeIgniter\CodeIgniter->runController(Object(App\Controllers\Stripe))
12 SYSTEMPATH\CodeIgniter.php(361): CodeIgniter\CodeIgniter->handleRequest(null, Object(Config\Cache), false)
13 FCPATH\index.php(79): CodeIgniter\CodeIgniter->run()
CRITICAL - 2025-04-14 11:07:32 --> The Checkout Session's total amount due must add up to at least $10.00 mxn
in FCPATH\vendor\stripe\stripe-php\lib\Exception\ApiErrorException.php on line 38.
 1 FCPATH\vendor\stripe\stripe-php\lib\Exception\InvalidRequestException.php(35): Stripe\Exception\ApiErrorException::factory('The Checkout Session\'s total amount due must add up to at least $10.00 mxn', 400, '{
  "error": {
    "code": "amount_too_small",
    "doc_url": "https://stripe.com/docs/error-codes/amount-too-small",
    "message": "The Checkout Session\'s total amount due must add up to at least $10.00 mxn",
    "request_log_url": "https://dashboard.stripe.com/test/logs/req_KRDsVf4uwGddFB?t=1744650454",
    "type": "invalid_request_error"
  }
}
', [...], Object(Stripe\Util\CaseInsensitiveArray), 'amount_too_small')
 2 FCPATH\vendor\stripe\stripe-php\lib\ApiRequestor.php(218): Stripe\Exception\InvalidRequestException::factory('The Checkout Session\'s total amount due must add up to at least $10.00 mxn', 400, '{
  "error": {
    "code": "amount_too_small",
    "doc_url": "https://stripe.com/docs/error-codes/amount-too-small",
    "message": "The Checkout Session\'s total amount due must add up to at least $10.00 mxn",
    "request_log_url": "https://dashboard.stripe.com/test/logs/req_KRDsVf4uwGddFB?t=1744650454",
    "type": "invalid_request_error"
  }
}
', [...], Object(Stripe\Util\CaseInsensitiveArray), 'amount_too_small', null)
 3 FCPATH\vendor\stripe\stripe-php\lib\ApiRequestor.php(180): Stripe\ApiRequestor::_specificAPIError('{
  "error": {
    "code": "amount_too_small",
    "doc_url": "https://stripe.com/docs/error-codes/amount-too-small",
    "message": "The Checkout Session\'s total amount due must add up to at least $10.00 mxn",
    "request_log_url": "https://dashboard.stripe.com/test/logs/req_KRDsVf4uwGddFB?t=1744650454",
    "type": "invalid_request_error"
  }
}
', 400, Object(Stripe\Util\CaseInsensitiveArray), [...], [...])
 4 FCPATH\vendor\stripe\stripe-php\lib\ApiRequestor.php(564): Stripe\ApiRequestor->handleErrorResponse('{
  "error": {
    "code": "amount_too_small",
    "doc_url": "https://stripe.com/docs/error-codes/amount-too-small",
    "message": "The Checkout Session\'s total amount due must add up to at least $10.00 mxn",
    "request_log_url": "https://dashboard.stripe.com/test/logs/req_KRDsVf4uwGddFB?t=1744650454",
    "type": "invalid_request_error"
  }
}
', 400, Object(Stripe\Util\CaseInsensitiveArray), [...])
 5 FCPATH\vendor\stripe\stripe-php\lib\ApiRequestor.php(128): Stripe\ApiRequestor->_interpretResponse('{
  "error": {
    "code": "amount_too_small",
    "doc_url": "https://stripe.com/docs/error-codes/amount-too-small",
    "message": "The Checkout Session\'s total amount due must add up to at least $10.00 mxn",
    "request_log_url": "https://dashboard.stripe.com/test/logs/req_KRDsVf4uwGddFB?t=1744650454",
    "type": "invalid_request_error"
  }
}
', 400, Object(Stripe\Util\CaseInsensitiveArray))
 6 FCPATH\vendor\stripe\stripe-php\lib\BaseStripeClient.php(145): Stripe\ApiRequestor->request('post', '/v1/payment_links', [...], [...], [...])
 7 FCPATH\vendor\stripe\stripe-php\lib\Service\AbstractService.php(75): Stripe\BaseStripeClient->request('post', '/v1/payment_links', [...], Object(Stripe\Util\RequestOptions))
 8 FCPATH\vendor\stripe\stripe-php\lib\Service\PaymentLinkService.php(55): Stripe\Service\AbstractService->request('post', '/v1/payment_links', [...], null)
 9 APPPATH\Controllers\Stripe.php(114): Stripe\Service\PaymentLinkService->create([...])
10 SYSTEMPATH\CodeIgniter.php(942): App\Controllers\Stripe->createPaymentLink()
11 SYSTEMPATH\CodeIgniter.php(502): CodeIgniter\CodeIgniter->runController(Object(App\Controllers\Stripe))
12 SYSTEMPATH\CodeIgniter.php(361): CodeIgniter\CodeIgniter->handleRequest(null, Object(Config\Cache), false)
13 FCPATH\index.php(79): CodeIgniter\CodeIgniter->run()
WARNING - 2025-04-14 11:12:27 --> [DEPRECATED] json_decode(): Passing null to parameter #1 ($json) of type string is deprecated in APPPATH\Controllers\Home.php on line 138.
 1 APPPATH\Controllers\Home.php(138): json_decode(null, true)
 2 SYSTEMPATH\CodeIgniter.php(942): App\Controllers\Home->cancelarRegistro()
 3 SYSTEMPATH\CodeIgniter.php(502): CodeIgniter\CodeIgniter->runController(Object(App\Controllers\Home))
 4 SYSTEMPATH\CodeIgniter.php(361): CodeIgniter\CodeIgniter->handleRequest(null, Object(Config\Cache), false)
 5 FCPATH\index.php(79): CodeIgniter\CodeIgniter->run()
WARNING - 2025-04-14 11:13:55 --> [DEPRECATED] json_decode(): Passing null to parameter #1 ($json) of type string is deprecated in APPPATH\Controllers\Home.php on line 138.
 1 APPPATH\Controllers\Home.php(138): json_decode(null, true)
 2 SYSTEMPATH\CodeIgniter.php(942): App\Controllers\Home->cancelarRegistro()
 3 SYSTEMPATH\CodeIgniter.php(502): CodeIgniter\CodeIgniter->runController(Object(App\Controllers\Home))
 4 SYSTEMPATH\CodeIgniter.php(361): CodeIgniter\CodeIgniter->handleRequest(null, Object(Config\Cache), false)
 5 FCPATH\index.php(79): CodeIgniter\CodeIgniter->run()
WARNING - 2025-04-14 11:14:57 --> [DEPRECATED] json_decode(): Passing null to parameter #1 ($json) of type string is deprecated in APPPATH\Controllers\Home.php on line 138.
 1 APPPATH\Controllers\Home.php(138): json_decode(null, true)
 2 SYSTEMPATH\CodeIgniter.php(942): App\Controllers\Home->cancelarRegistro()
 3 SYSTEMPATH\CodeIgniter.php(502): CodeIgniter\CodeIgniter->runController(Object(App\Controllers\Home))
 4 SYSTEMPATH\CodeIgniter.php(361): CodeIgniter\CodeIgniter->handleRequest(null, Object(Config\Cache), false)
 5 FCPATH\index.php(79): CodeIgniter\CodeIgniter->run()
WARNING - 2025-04-14 11:19:35 --> [DEPRECATED] json_decode(): Passing null to parameter #1 ($json) of type string is deprecated in APPPATH\Controllers\Home.php on line 138.
 1 APPPATH\Controllers\Home.php(138): json_decode(null, true)
 2 SYSTEMPATH\CodeIgniter.php(942): App\Controllers\Home->cancelarRegistro()
 3 SYSTEMPATH\CodeIgniter.php(502): CodeIgniter\CodeIgniter->runController(Object(App\Controllers\Home))
 4 SYSTEMPATH\CodeIgniter.php(361): CodeIgniter\CodeIgniter->handleRequest(null, Object(Config\Cache), false)
 5 FCPATH\index.php(79): CodeIgniter\CodeIgniter->run()
WARNING - 2025-04-14 11:21:21 --> [DEPRECATED] json_decode(): Passing null to parameter #1 ($json) of type string is deprecated in APPPATH\Controllers\Home.php on line 138.
 1 APPPATH\Controllers\Home.php(138): json_decode(null, true)
 2 SYSTEMPATH\CodeIgniter.php(942): App\Controllers\Home->cancelarRegistro()
 3 SYSTEMPATH\CodeIgniter.php(502): CodeIgniter\CodeIgniter->runController(Object(App\Controllers\Home))
 4 SYSTEMPATH\CodeIgniter.php(361): CodeIgniter\CodeIgniter->handleRequest(null, Object(Config\Cache), false)
 5 FCPATH\index.php(79): CodeIgniter\CodeIgniter->run()
CRITICAL - 2025-04-14 13:09:27 --> You must set the database table to be used with your query.
in SYSTEMPATH\Database\BaseConnection.php on line 884.
 1 SYSTEMPATH\Model.php(635): CodeIgniter\Database\BaseConnection->table(null)
 2 SYSTEMPATH\Model.php(838): CodeIgniter\Model->builder()
 3 APPPATH\Models\participantes.php(144): CodeIgniter\Model->__get('tableReservaPago')
 4 APPPATH\Controllers\Home.php(174): App\Models\Participantes->actualizarURL('1')
 5 SYSTEMPATH\CodeIgniter.php(942): App\Controllers\Home->actualizarURL()
 6 SYSTEMPATH\CodeIgniter.php(502): CodeIgniter\CodeIgniter->runController(Object(App\Controllers\Home))
 7 SYSTEMPATH\CodeIgniter.php(361): CodeIgniter\CodeIgniter->handleRequest(null, Object(Config\Cache), false)
 8 FCPATH\index.php(79): CodeIgniter\CodeIgniter->run()
ERROR - 2025-04-14 13:10:25 --> mysqli_sql_exception: Unknown column 'Pago_Id' in 'where clause' in D:\Programas Instalados\XAMPP\htdocs\AEROBALAM\system\Database\MySQLi\Connection.php:306
Stack trace:
#0 D:\Programas Instalados\XAMPP\htdocs\AEROBALAM\system\Database\MySQLi\Connection.php(306): mysqli->query('SELECT *\nFROM `...', 0)
#1 D:\Programas Instalados\XAMPP\htdocs\AEROBALAM\system\Database\BaseConnection.php(693): CodeIgniter\Database\MySQLi\Connection->execute('SELECT *\nFROM `...')
#2 D:\Programas Instalados\XAMPP\htdocs\AEROBALAM\system\Database\BaseConnection.php(607): CodeIgniter\Database\BaseConnection->simpleQuery('SELECT *\nFROM `...')
#3 D:\Programas Instalados\XAMPP\htdocs\AEROBALAM\system\Database\BaseBuilder.php(1615): CodeIgniter\Database\BaseConnection->query('SELECT *\nFROM `...', Array, false)
#4 D:\Programas Instalados\XAMPP\htdocs\AEROBALAM\app\Models\participantes.php(146): CodeIgniter\Database\BaseBuilder->get()
#5 D:\Programas Instalados\XAMPP\htdocs\AEROBALAM\app\Controllers\Home.php(174): App\Models\Participantes->actualizarURL('1')
#6 D:\Programas Instalados\XAMPP\htdocs\AEROBALAM\system\CodeIgniter.php(942): App\Controllers\Home->actualizarURL()
#7 D:\Programas Instalados\XAMPP\htdocs\AEROBALAM\system\CodeIgniter.php(502): CodeIgniter\CodeIgniter->runController(Object(App\Controllers\Home))
#8 D:\Programas Instalados\XAMPP\htdocs\AEROBALAM\system\CodeIgniter.php(361): CodeIgniter\CodeIgniter->handleRequest(NULL, Object(Config\Cache), false)
#9 D:\Programas Instalados\XAMPP\htdocs\AEROBALAM\index.php(79): CodeIgniter\CodeIgniter->run()
#10 {main}
CRITICAL - 2025-04-14 13:10:25 --> Unknown column 'Pago_Id' in 'where clause'
in SYSTEMPATH\Database\BaseConnection.php on line 647.
 1 SYSTEMPATH\Database\BaseBuilder.php(1615): CodeIgniter\Database\BaseConnection->query('SELECT *
FROM `ReservaPago`
WHERE `Pago_Id` = :Pago_Id:', [...], false)
 2 APPPATH\Models\participantes.php(146): CodeIgniter\Database\BaseBuilder->get()
 3 APPPATH\Controllers\Home.php(174): App\Models\Participantes->actualizarURL('1')
 4 SYSTEMPATH\CodeIgniter.php(942): App\Controllers\Home->actualizarURL()
 5 SYSTEMPATH\CodeIgniter.php(502): CodeIgniter\CodeIgniter->runController(Object(App\Controllers\Home))
 6 SYSTEMPATH\CodeIgniter.php(361): CodeIgniter\CodeIgniter->handleRequest(null, Object(Config\Cache), false)
 7 FCPATH\index.php(79): CodeIgniter\CodeIgniter->run()
ERROR - 2025-04-14 13:13:09 --> mysqli_sql_exception: Table 'u269039761_aero.reservarpago' doesn't exist in D:\Programas Instalados\XAMPP\htdocs\AEROBALAM\system\Database\MySQLi\Connection.php:306
Stack trace:
#0 D:\Programas Instalados\XAMPP\htdocs\AEROBALAM\system\Database\MySQLi\Connection.php(306): mysqli->query('SELECT `IdReser...', 0)
#1 D:\Programas Instalados\XAMPP\htdocs\AEROBALAM\system\Database\BaseConnection.php(693): CodeIgniter\Database\MySQLi\Connection->execute('SELECT `IdReser...')
#2 D:\Programas Instalados\XAMPP\htdocs\AEROBALAM\system\Database\BaseConnection.php(607): CodeIgniter\Database\BaseConnection->simpleQuery('SELECT `IdReser...')
#3 D:\Programas Instalados\XAMPP\htdocs\AEROBALAM\system\Database\BaseBuilder.php(1615): CodeIgniter\Database\BaseConnection->query('SELECT `IdReser...', Array, false)
#4 D:\Programas Instalados\XAMPP\htdocs\AEROBALAM\app\Models\participantes.php(148): CodeIgniter\Database\BaseBuilder->get()
#5 D:\Programas Instalados\XAMPP\htdocs\AEROBALAM\app\Controllers\Home.php(174): App\Models\Participantes->actualizarURL('1')
#6 D:\Programas Instalados\XAMPP\htdocs\AEROBALAM\system\CodeIgniter.php(942): App\Controllers\Home->actualizarURL()
#7 D:\Programas Instalados\XAMPP\htdocs\AEROBALAM\system\CodeIgniter.php(502): CodeIgniter\CodeIgniter->runController(Object(App\Controllers\Home))
#8 D:\Programas Instalados\XAMPP\htdocs\AEROBALAM\system\CodeIgniter.php(361): CodeIgniter\CodeIgniter->handleRequest(NULL, Object(Config\Cache), false)
#9 D:\Programas Instalados\XAMPP\htdocs\AEROBALAM\index.php(79): CodeIgniter\CodeIgniter->run()
#10 {main}
CRITICAL - 2025-04-14 13:13:09 --> Table 'u269039761_aero.reservarpago' doesn't exist
in SYSTEMPATH\Database\BaseConnection.php on line 647.
 1 SYSTEMPATH\Database\BaseBuilder.php(1615): CodeIgniter\Database\BaseConnection->query('SELECT `IdReserva`, `IdPago`
FROM `reservarPago`
WHERE `IdPago` = :IdPago:', [...], false)
 2 APPPATH\Models\participantes.php(148): CodeIgniter\Database\BaseBuilder->get()
 3 APPPATH\Controllers\Home.php(174): App\Models\Participantes->actualizarURL('1')
 4 SYSTEMPATH\CodeIgniter.php(942): App\Controllers\Home->actualizarURL()
 5 SYSTEMPATH\CodeIgniter.php(502): CodeIgniter\CodeIgniter->runController(Object(App\Controllers\Home))
 6 SYSTEMPATH\CodeIgniter.php(361): CodeIgniter\CodeIgniter->handleRequest(null, Object(Config\Cache), false)
 7 FCPATH\index.php(79): CodeIgniter\CodeIgniter->run()
CRITICAL - 2025-04-14 15:43:51 --> You must set the database table to be used with your query.
in SYSTEMPATH\Database\BaseConnection.php on line 884.
 1 SYSTEMPATH\Model.php(635): CodeIgniter\Database\BaseConnection->table(null)
 2 SYSTEMPATH\Model.php(863): CodeIgniter\Model->builder()
 3 APPPATH\Controllers\Home.php(223): CodeIgniter\Model->__call('informacionRegistro', [...])
 4 SYSTEMPATH\CodeIgniter.php(942): App\Controllers\Home->Correo()
 5 SYSTEMPATH\CodeIgniter.php(502): CodeIgniter\CodeIgniter->runController(Object(App\Controllers\Home))
 6 SYSTEMPATH\CodeIgniter.php(361): CodeIgniter\CodeIgniter->handleRequest(null, Object(Config\Cache), false)
 7 FCPATH\index.php(79): CodeIgniter\CodeIgniter->run()
CRITICAL - 2025-04-14 15:54:52 --> Undefined array key "imgBase64"
in APPPATH\Controllers\Home.php on line 181.
 1 APPPATH\Controllers\Home.php(181): CodeIgniter\Debug\Exceptions->errorHandler(2, 'Undefined array key "imgBase64"', 'D:\\Programas Instalados\\XAMPP\\htdocs\\AEROBALAM\\app\\Controllers\\Home.php', 181)
 2 SYSTEMPATH\CodeIgniter.php(942): App\Controllers\Home->QR()
 3 SYSTEMPATH\CodeIgniter.php(502): CodeIgniter\CodeIgniter->runController(Object(App\Controllers\Home))
 4 SYSTEMPATH\CodeIgniter.php(361): CodeIgniter\CodeIgniter->handleRequest(null, Object(Config\Cache), false)
 5 FCPATH\index.php(79): CodeIgniter\CodeIgniter->run()
CRITICAL - 2025-04-14 16:31:49 --> Undefined array key "ReservaPagoId"
in APPPATH\Controllers\Home.php on line 242.
 1 APPPATH\Controllers\Home.php(242): CodeIgniter\Debug\Exceptions->errorHandler(2, 'Undefined array key "ReservaPagoId"', 'D:\\Programas Instalados\\XAMPP\\htdocs\\AEROBALAM\\app\\Controllers\\Home.php', 242)
 2 SYSTEMPATH\CodeIgniter.php(942): App\Controllers\Home->Correo()
 3 SYSTEMPATH\CodeIgniter.php(502): CodeIgniter\CodeIgniter->runController(Object(App\Controllers\Home))
 4 SYSTEMPATH\CodeIgniter.php(361): CodeIgniter\CodeIgniter->handleRequest(null, Object(Config\Cache), false)
 5 FCPATH\index.php(79): CodeIgniter\CodeIgniter->run()
CRITICAL - 2025-04-14 16:35:11 --> Undefined array key "Nombre"
in APPPATH\Controllers\Home.php on line 209.
 1 APPPATH\Controllers\Home.php(209): CodeIgniter\Debug\Exceptions->errorHandler(2, 'Undefined array key "Nombre"', 'D:\\Programas Instalados\\XAMPP\\htdocs\\AEROBALAM\\app\\Controllers\\Home.php', 209)
 2 SYSTEMPATH\CodeIgniter.php(942): App\Controllers\Home->Correo()
 3 SYSTEMPATH\CodeIgniter.php(502): CodeIgniter\CodeIgniter->runController(Object(App\Controllers\Home))
 4 SYSTEMPATH\CodeIgniter.php(361): CodeIgniter\CodeIgniter->handleRequest(null, Object(Config\Cache), false)
 5 FCPATH\index.php(79): CodeIgniter\CodeIgniter->run()
CRITICAL - 2025-04-14 16:41:09 --> Maximum execution time of 120 seconds exceeded
in FCPATH\public\PHPMailer\SMTP.php on line 1228.
 1 [internal function]: CodeIgniter\Debug\Exceptions->shutdownHandler()
CRITICAL - 2025-04-14 16:41:26 --> Maximum execution time of 120 seconds exceeded
in FCPATH\public\PHPMailer\SMTP.php on line 1228.
 1 [internal function]: CodeIgniter\Debug\Exceptions->shutdownHandler()
CRITICAL - 2025-04-14 16:41:39 --> Maximum execution time of 120 seconds exceeded
in FCPATH\public\PHPMailer\SMTP.php on line 1228.
 1 [internal function]: CodeIgniter\Debug\Exceptions->shutdownHandler()
CRITICAL - 2025-04-14 16:42:28 --> Maximum execution time of 120 seconds exceeded
in FCPATH\public\PHPMailer\SMTP.php on line 1228.
 1 [internal function]: CodeIgniter\Debug\Exceptions->shutdownHandler()
CRITICAL - 2025-04-14 16:45:59 --> Maximum execution time of 120 seconds exceeded
in FCPATH\public\PHPMailer\SMTP.php on line 1228.
 1 [internal function]: CodeIgniter\Debug\Exceptions->shutdownHandler()
CRITICAL - 2025-04-14 16:47:23 --> Maximum execution time of 120 seconds exceeded
in FCPATH\public\PHPMailer\SMTP.php on line 1228.
 1 [internal function]: CodeIgniter\Debug\Exceptions->shutdownHandler()
