ERROR - 2025-04-20 13:12:29 --> Error connecting to the database: mysqli_sql_exception: No se puede establecer una conexión ya que el equipo de destino denegó expresamente dicha conexión in D:\Programas Instalados\XAMPP\htdocs\AEROBALAM\system\Database\MySQLi\Connection.php:184
Stack trace:
#0 D:\Programas Instalados\XAMPP\htdocs\AEROBALAM\system\Database\MySQLi\Connection.php(184): mysqli->real_connect('localhost', 'root', Object(SensitiveParameterValue), 'u269039761_aero', NULL, '', 0)
#1 D:\Programas Instalados\XAMPP\htdocs\AEROBALAM\system\Database\BaseConnection.php(392): CodeIgniter\Database\MySQLi\Connection->connect(false)
#2 D:\Programas Instalados\XAMPP\htdocs\AEROBALAM\system\Database\BaseConnection.php(575): CodeIgniter\Database\BaseConnection->initialize()
#3 D:\Programas Instalados\XAMPP\htdocs\AEROBALAM\system\Database\BaseBuilder.php(1615): CodeIgniter\Database\BaseConnection->query('SELECT *\nFROM `...', Array, false)
#4 D:\Programas Instalados\XAMPP\htdocs\AEROBALAM\app\Models\participantes.php(21): CodeIgniter\Database\BaseBuilder->get()
#5 D:\Programas Instalados\XAMPP\htdocs\AEROBALAM\app\Controllers\Home.php(35): App\Models\Participantes->consultarDestinos()
#6 D:\Programas Instalados\XAMPP\htdocs\AEROBALAM\system\CodeIgniter.php(942): App\Controllers\Home->index()
#7 D:\Programas Instalados\XAMPP\htdocs\AEROBALAM\system\CodeIgniter.php(502): CodeIgniter\CodeIgniter->runController(Object(App\Controllers\Home))
#8 D:\Programas Instalados\XAMPP\htdocs\AEROBALAM\system\CodeIgniter.php(361): CodeIgniter\CodeIgniter->handleRequest(NULL, Object(Config\Cache), false)
#9 D:\Programas Instalados\XAMPP\htdocs\AEROBALAM\index.php(79): CodeIgniter\CodeIgniter->run()
#10 {main}

Next CodeIgniter\Database\Exceptions\DatabaseException: No se puede establecer una conexión ya que el equipo de destino denegó expresamente dicha conexión in D:\Programas Instalados\XAMPP\htdocs\AEROBALAM\system\Database\MySQLi\Connection.php:229
Stack trace:
#0 D:\Programas Instalados\XAMPP\htdocs\AEROBALAM\system\Database\BaseConnection.php(392): CodeIgniter\Database\MySQLi\Connection->connect(false)
#1 D:\Programas Instalados\XAMPP\htdocs\AEROBALAM\system\Database\BaseConnection.php(575): CodeIgniter\Database\BaseConnection->initialize()
#2 D:\Programas Instalados\XAMPP\htdocs\AEROBALAM\system\Database\BaseBuilder.php(1615): CodeIgniter\Database\BaseConnection->query('SELECT *\nFROM `...', Array, false)
#3 D:\Programas Instalados\XAMPP\htdocs\AEROBALAM\app\Models\participantes.php(21): CodeIgniter\Database\BaseBuilder->get()
#4 D:\Programas Instalados\XAMPP\htdocs\AEROBALAM\app\Controllers\Home.php(35): App\Models\Participantes->consultarDestinos()
#5 D:\Programas Instalados\XAMPP\htdocs\AEROBALAM\system\CodeIgniter.php(942): App\Controllers\Home->index()
#6 D:\Programas Instalados\XAMPP\htdocs\AEROBALAM\system\CodeIgniter.php(502): CodeIgniter\CodeIgniter->runController(Object(App\Controllers\Home))
#7 D:\Programas Instalados\XAMPP\htdocs\AEROBALAM\system\CodeIgniter.php(361): CodeIgniter\CodeIgniter->handleRequest(NULL, Object(Config\Cache), false)
#8 D:\Programas Instalados\XAMPP\htdocs\AEROBALAM\index.php(79): CodeIgniter\CodeIgniter->run()
#9 {main}
CRITICAL - 2025-04-20 13:12:29 --> Unable to connect to the database.
Main connection [MySQLi]: No se puede establecer una conexión ya que el equipo de destino denegó expresamente dicha conexión
in SYSTEMPATH\Database\BaseConnection.php on line 428.
 1 SYSTEMPATH\Database\BaseConnection.php(575): CodeIgniter\Database\BaseConnection->initialize()
 2 SYSTEMPATH\Database\BaseBuilder.php(1615): CodeIgniter\Database\BaseConnection->query('SELECT *
FROM `Destinos`
WHERE `Status` = :Status:', [...], false)
 3 APPPATH\Models\participantes.php(21): CodeIgniter\Database\BaseBuilder->get()
 4 APPPATH\Controllers\Home.php(35): App\Models\Participantes->consultarDestinos()
 5 SYSTEMPATH\CodeIgniter.php(942): App\Controllers\Home->index()
 6 SYSTEMPATH\CodeIgniter.php(502): CodeIgniter\CodeIgniter->runController(Object(App\Controllers\Home))
 7 SYSTEMPATH\CodeIgniter.php(361): CodeIgniter\CodeIgniter->handleRequest(null, Object(Config\Cache), false)
 8 FCPATH\index.php(79): CodeIgniter\CodeIgniter->run()
