ERROR - 2025-04-12 13:22:55 --> mysqli_sql_exception: Table 'hortensias.destinos' doesn't exist in D:\Programas Instalados\XAMPP\htdocs\AEROBALAM\system\Database\MySQLi\Connection.php:306
Stack trace:
#0 D:\Programas Instalados\XAMPP\htdocs\AEROBALAM\system\Database\MySQLi\Connection.php(306): mysqli->query('SELECT *\nFROM `...', 0)
#1 D:\Programas Instalados\XAMPP\htdocs\AEROBALAM\system\Database\BaseConnection.php(693): CodeIgniter\Database\MySQLi\Connection->execute('SELECT *\nFROM `...')
#2 D:\Programas Instalados\XAMPP\htdocs\AEROBALAM\system\Database\BaseConnection.php(607): CodeIgniter\Database\BaseConnection->simpleQuery('SELECT *\nFROM `...')
#3 D:\Programas Instalados\XAMPP\htdocs\AEROBALAM\system\Database\BaseBuilder.php(1615): CodeIgniter\Database\BaseConnection->query('SELECT *\nFROM `...', Array, false)
#4 D:\Programas Instalados\XAMPP\htdocs\AEROBALAM\app\Models\participantes.php(23): CodeIgniter\Database\BaseBuilder->get()
#5 D:\Programas Instalados\XAMPP\htdocs\AEROBALAM\app\Controllers\Home.php(35): App\Models\Participantes->consultarDestinos()
#6 D:\Programas Instalados\XAMPP\htdocs\AEROBALAM\system\CodeIgniter.php(942): App\Controllers\Home->index()
#7 D:\Programas Instalados\XAMPP\htdocs\AEROBALAM\system\CodeIgniter.php(502): CodeIgniter\CodeIgniter->runController(Object(App\Controllers\Home))
#8 D:\Programas Instalados\XAMPP\htdocs\AEROBALAM\system\CodeIgniter.php(361): CodeIgniter\CodeIgniter->handleRequest(NULL, Object(Config\Cache), false)
#9 D:\Programas Instalados\XAMPP\htdocs\AEROBALAM\index.php(79): CodeIgniter\CodeIgniter->run()
#10 {main}
CRITICAL - 2025-04-12 13:22:55 --> Table 'hortensias.destinos' doesn't exist
in SYSTEMPATH\Database\BaseConnection.php on line 647.
 1 SYSTEMPATH\Database\BaseBuilder.php(1615): CodeIgniter\Database\BaseConnection->query('SELECT *
FROM `Destinos`
WHERE `Status` = :Status:', [...], false)
 2 APPPATH\Models\participantes.php(23): CodeIgniter\Database\BaseBuilder->get()
 3 APPPATH\Controllers\Home.php(35): App\Models\Participantes->consultarDestinos()
 4 SYSTEMPATH\CodeIgniter.php(942): App\Controllers\Home->index()
 5 SYSTEMPATH\CodeIgniter.php(502): CodeIgniter\CodeIgniter->runController(Object(App\Controllers\Home))
 6 SYSTEMPATH\CodeIgniter.php(361): CodeIgniter\CodeIgniter->handleRequest(null, Object(Config\Cache), false)
 7 FCPATH\index.php(79): CodeIgniter\CodeIgniter->run()
ERROR - 2025-04-12 13:23:37 --> Error connecting to the database: mysqli_sql_exception: Access denied for user 'u269039761_aerobalam'@'localhost' (using password: YES) in D:\Programas Instalados\XAMPP\htdocs\AEROBALAM\system\Database\MySQLi\Connection.php:184
Stack trace:
#0 D:\Programas Instalados\XAMPP\htdocs\AEROBALAM\system\Database\MySQLi\Connection.php(184): mysqli->real_connect('localhost', 'u269039761_aero...', Object(SensitiveParameterValue), 'u269039761_aero...', NULL, '', 0)
#1 D:\Programas Instalados\XAMPP\htdocs\AEROBALAM\system\Database\BaseConnection.php(392): CodeIgniter\Database\MySQLi\Connection->connect(false)
#2 D:\Programas Instalados\XAMPP\htdocs\AEROBALAM\system\Database\BaseConnection.php(575): CodeIgniter\Database\BaseConnection->initialize()
#3 D:\Programas Instalados\XAMPP\htdocs\AEROBALAM\system\Database\BaseBuilder.php(1615): CodeIgniter\Database\BaseConnection->query('SELECT *\nFROM `...', Array, false)
#4 D:\Programas Instalados\XAMPP\htdocs\AEROBALAM\app\Models\participantes.php(23): CodeIgniter\Database\BaseBuilder->get()
#5 D:\Programas Instalados\XAMPP\htdocs\AEROBALAM\app\Controllers\Home.php(35): App\Models\Participantes->consultarDestinos()
#6 D:\Programas Instalados\XAMPP\htdocs\AEROBALAM\system\CodeIgniter.php(942): App\Controllers\Home->index()
#7 D:\Programas Instalados\XAMPP\htdocs\AEROBALAM\system\CodeIgniter.php(502): CodeIgniter\CodeIgniter->runController(Object(App\Controllers\Home))
#8 D:\Programas Instalados\XAMPP\htdocs\AEROBALAM\system\CodeIgniter.php(361): CodeIgniter\CodeIgniter->handleRequest(NULL, Object(Config\Cache), false)
#9 D:\Programas Instalados\XAMPP\htdocs\AEROBALAM\index.php(79): CodeIgniter\CodeIgniter->run()
#10 {main}

Next CodeIgniter\Database\Exceptions\DatabaseException: Access denied for user '****'@'localhost' (using password: YES) in D:\Programas Instalados\XAMPP\htdocs\AEROBALAM\system\Database\MySQLi\Connection.php:229
Stack trace:
#0 D:\Programas Instalados\XAMPP\htdocs\AEROBALAM\system\Database\BaseConnection.php(392): CodeIgniter\Database\MySQLi\Connection->connect(false)
#1 D:\Programas Instalados\XAMPP\htdocs\AEROBALAM\system\Database\BaseConnection.php(575): CodeIgniter\Database\BaseConnection->initialize()
#2 D:\Programas Instalados\XAMPP\htdocs\AEROBALAM\system\Database\BaseBuilder.php(1615): CodeIgniter\Database\BaseConnection->query('SELECT *\nFROM `...', Array, false)
#3 D:\Programas Instalados\XAMPP\htdocs\AEROBALAM\app\Models\participantes.php(23): CodeIgniter\Database\BaseBuilder->get()
#4 D:\Programas Instalados\XAMPP\htdocs\AEROBALAM\app\Controllers\Home.php(35): App\Models\Participantes->consultarDestinos()
#5 D:\Programas Instalados\XAMPP\htdocs\AEROBALAM\system\CodeIgniter.php(942): App\Controllers\Home->index()
#6 D:\Programas Instalados\XAMPP\htdocs\AEROBALAM\system\CodeIgniter.php(502): CodeIgniter\CodeIgniter->runController(Object(App\Controllers\Home))
#7 D:\Programas Instalados\XAMPP\htdocs\AEROBALAM\system\CodeIgniter.php(361): CodeIgniter\CodeIgniter->handleRequest(NULL, Object(Config\Cache), false)
#8 D:\Programas Instalados\XAMPP\htdocs\AEROBALAM\index.php(79): CodeIgniter\CodeIgniter->run()
#9 {main}
CRITICAL - 2025-04-12 13:23:37 --> Unable to connect to the database.
Main connection [MySQLi]: Access denied for user '****'@'localhost' (using password: YES)
in SYSTEMPATH\Database\BaseConnection.php on line 428.
 1 SYSTEMPATH\Database\BaseConnection.php(575): CodeIgniter\Database\BaseConnection->initialize()
 2 SYSTEMPATH\Database\BaseBuilder.php(1615): CodeIgniter\Database\BaseConnection->query('SELECT *
FROM `Destinos`
WHERE `Status` = :Status:', [...], false)
 3 APPPATH\Models\participantes.php(23): CodeIgniter\Database\BaseBuilder->get()
 4 APPPATH\Controllers\Home.php(35): App\Models\Participantes->consultarDestinos()
 5 SYSTEMPATH\CodeIgniter.php(942): App\Controllers\Home->index()
 6 SYSTEMPATH\CodeIgniter.php(502): CodeIgniter\CodeIgniter->runController(Object(App\Controllers\Home))
 7 SYSTEMPATH\CodeIgniter.php(361): CodeIgniter\CodeIgniter->handleRequest(null, Object(Config\Cache), false)
 8 FCPATH\index.php(79): CodeIgniter\CodeIgniter->run()
ERROR - 2025-04-12 13:24:05 --> Error connecting to the database: mysqli_sql_exception: Access denied for user 'u269039761_aerobalam'@'localhost' (using password: YES) in D:\Programas Instalados\XAMPP\htdocs\AEROBALAM\system\Database\MySQLi\Connection.php:184
Stack trace:
#0 D:\Programas Instalados\XAMPP\htdocs\AEROBALAM\system\Database\MySQLi\Connection.php(184): mysqli->real_connect('localhost', 'u269039761_aero...', Object(SensitiveParameterValue), 'u269039761_aero...', NULL, '', 0)
#1 D:\Programas Instalados\XAMPP\htdocs\AEROBALAM\system\Database\BaseConnection.php(392): CodeIgniter\Database\MySQLi\Connection->connect(false)
#2 D:\Programas Instalados\XAMPP\htdocs\AEROBALAM\system\Database\BaseConnection.php(575): CodeIgniter\Database\BaseConnection->initialize()
#3 D:\Programas Instalados\XAMPP\htdocs\AEROBALAM\system\Database\BaseBuilder.php(1615): CodeIgniter\Database\BaseConnection->query('SELECT *\nFROM `...', Array, false)
#4 D:\Programas Instalados\XAMPP\htdocs\AEROBALAM\app\Models\participantes.php(23): CodeIgniter\Database\BaseBuilder->get()
#5 D:\Programas Instalados\XAMPP\htdocs\AEROBALAM\app\Controllers\Home.php(35): App\Models\Participantes->consultarDestinos()
#6 D:\Programas Instalados\XAMPP\htdocs\AEROBALAM\system\CodeIgniter.php(942): App\Controllers\Home->index()
#7 D:\Programas Instalados\XAMPP\htdocs\AEROBALAM\system\CodeIgniter.php(502): CodeIgniter\CodeIgniter->runController(Object(App\Controllers\Home))
#8 D:\Programas Instalados\XAMPP\htdocs\AEROBALAM\system\CodeIgniter.php(361): CodeIgniter\CodeIgniter->handleRequest(NULL, Object(Config\Cache), false)
#9 D:\Programas Instalados\XAMPP\htdocs\AEROBALAM\index.php(79): CodeIgniter\CodeIgniter->run()
#10 {main}

Next CodeIgniter\Database\Exceptions\DatabaseException: Access denied for user '****'@'localhost' (using password: YES) in D:\Programas Instalados\XAMPP\htdocs\AEROBALAM\system\Database\MySQLi\Connection.php:229
Stack trace:
#0 D:\Programas Instalados\XAMPP\htdocs\AEROBALAM\system\Database\BaseConnection.php(392): CodeIgniter\Database\MySQLi\Connection->connect(false)
#1 D:\Programas Instalados\XAMPP\htdocs\AEROBALAM\system\Database\BaseConnection.php(575): CodeIgniter\Database\BaseConnection->initialize()
#2 D:\Programas Instalados\XAMPP\htdocs\AEROBALAM\system\Database\BaseBuilder.php(1615): CodeIgniter\Database\BaseConnection->query('SELECT *\nFROM `...', Array, false)
#3 D:\Programas Instalados\XAMPP\htdocs\AEROBALAM\app\Models\participantes.php(23): CodeIgniter\Database\BaseBuilder->get()
#4 D:\Programas Instalados\XAMPP\htdocs\AEROBALAM\app\Controllers\Home.php(35): App\Models\Participantes->consultarDestinos()
#5 D:\Programas Instalados\XAMPP\htdocs\AEROBALAM\system\CodeIgniter.php(942): App\Controllers\Home->index()
#6 D:\Programas Instalados\XAMPP\htdocs\AEROBALAM\system\CodeIgniter.php(502): CodeIgniter\CodeIgniter->runController(Object(App\Controllers\Home))
#7 D:\Programas Instalados\XAMPP\htdocs\AEROBALAM\system\CodeIgniter.php(361): CodeIgniter\CodeIgniter->handleRequest(NULL, Object(Config\Cache), false)
#8 D:\Programas Instalados\XAMPP\htdocs\AEROBALAM\index.php(79): CodeIgniter\CodeIgniter->run()
#9 {main}
CRITICAL - 2025-04-12 13:24:05 --> Unable to connect to the database.
Main connection [MySQLi]: Access denied for user '****'@'localhost' (using password: YES)
in SYSTEMPATH\Database\BaseConnection.php on line 428.
 1 SYSTEMPATH\Database\BaseConnection.php(575): CodeIgniter\Database\BaseConnection->initialize()
 2 SYSTEMPATH\Database\BaseBuilder.php(1615): CodeIgniter\Database\BaseConnection->query('SELECT *
FROM `Destinos`
WHERE `Status` = :Status:', [...], false)
 3 APPPATH\Models\participantes.php(23): CodeIgniter\Database\BaseBuilder->get()
 4 APPPATH\Controllers\Home.php(35): App\Models\Participantes->consultarDestinos()
 5 SYSTEMPATH\CodeIgniter.php(942): App\Controllers\Home->index()
 6 SYSTEMPATH\CodeIgniter.php(502): CodeIgniter\CodeIgniter->runController(Object(App\Controllers\Home))
 7 SYSTEMPATH\CodeIgniter.php(361): CodeIgniter\CodeIgniter->handleRequest(null, Object(Config\Cache), false)
 8 FCPATH\index.php(79): CodeIgniter\CodeIgniter->run()
ERROR - 2025-04-12 13:24:05 --> Error connecting to the database: mysqli_sql_exception: Access denied for user 'u269039761_aerobalam'@'localhost' (using password: YES) in D:\Programas Instalados\XAMPP\htdocs\AEROBALAM\system\Database\MySQLi\Connection.php:184
Stack trace:
#0 D:\Programas Instalados\XAMPP\htdocs\AEROBALAM\system\Database\MySQLi\Connection.php(184): mysqli->real_connect('localhost', 'u269039761_aero...', Object(SensitiveParameterValue), 'u269039761_aero...', NULL, '', 0)
#1 D:\Programas Instalados\XAMPP\htdocs\AEROBALAM\system\Database\BaseConnection.php(392): CodeIgniter\Database\MySQLi\Connection->connect(false)
#2 D:\Programas Instalados\XAMPP\htdocs\AEROBALAM\system\Database\BaseConnection.php(575): CodeIgniter\Database\BaseConnection->initialize()
#3 D:\Programas Instalados\XAMPP\htdocs\AEROBALAM\system\Database\BaseBuilder.php(1615): CodeIgniter\Database\BaseConnection->query('SELECT *\nFROM `...', Array, false)
#4 D:\Programas Instalados\XAMPP\htdocs\AEROBALAM\app\Models\participantes.php(23): CodeIgniter\Database\BaseBuilder->get()
#5 D:\Programas Instalados\XAMPP\htdocs\AEROBALAM\app\Controllers\Home.php(35): App\Models\Participantes->consultarDestinos()
#6 D:\Programas Instalados\XAMPP\htdocs\AEROBALAM\system\CodeIgniter.php(942): App\Controllers\Home->index()
#7 D:\Programas Instalados\XAMPP\htdocs\AEROBALAM\system\CodeIgniter.php(502): CodeIgniter\CodeIgniter->runController(Object(App\Controllers\Home))
#8 D:\Programas Instalados\XAMPP\htdocs\AEROBALAM\system\CodeIgniter.php(361): CodeIgniter\CodeIgniter->handleRequest(NULL, Object(Config\Cache), false)
#9 D:\Programas Instalados\XAMPP\htdocs\AEROBALAM\index.php(79): CodeIgniter\CodeIgniter->run()
#10 {main}

Next CodeIgniter\Database\Exceptions\DatabaseException: Access denied for user '****'@'localhost' (using password: YES) in D:\Programas Instalados\XAMPP\htdocs\AEROBALAM\system\Database\MySQLi\Connection.php:229
Stack trace:
#0 D:\Programas Instalados\XAMPP\htdocs\AEROBALAM\system\Database\BaseConnection.php(392): CodeIgniter\Database\MySQLi\Connection->connect(false)
#1 D:\Programas Instalados\XAMPP\htdocs\AEROBALAM\system\Database\BaseConnection.php(575): CodeIgniter\Database\BaseConnection->initialize()
#2 D:\Programas Instalados\XAMPP\htdocs\AEROBALAM\system\Database\BaseBuilder.php(1615): CodeIgniter\Database\BaseConnection->query('SELECT *\nFROM `...', Array, false)
#3 D:\Programas Instalados\XAMPP\htdocs\AEROBALAM\app\Models\participantes.php(23): CodeIgniter\Database\BaseBuilder->get()
#4 D:\Programas Instalados\XAMPP\htdocs\AEROBALAM\app\Controllers\Home.php(35): App\Models\Participantes->consultarDestinos()
#5 D:\Programas Instalados\XAMPP\htdocs\AEROBALAM\system\CodeIgniter.php(942): App\Controllers\Home->index()
#6 D:\Programas Instalados\XAMPP\htdocs\AEROBALAM\system\CodeIgniter.php(502): CodeIgniter\CodeIgniter->runController(Object(App\Controllers\Home))
#7 D:\Programas Instalados\XAMPP\htdocs\AEROBALAM\system\CodeIgniter.php(361): CodeIgniter\CodeIgniter->handleRequest(NULL, Object(Config\Cache), false)
#8 D:\Programas Instalados\XAMPP\htdocs\AEROBALAM\index.php(79): CodeIgniter\CodeIgniter->run()
#9 {main}
CRITICAL - 2025-04-12 13:24:05 --> Unable to connect to the database.
Main connection [MySQLi]: Access denied for user '****'@'localhost' (using password: YES)
in SYSTEMPATH\Database\BaseConnection.php on line 428.
 1 SYSTEMPATH\Database\BaseConnection.php(575): CodeIgniter\Database\BaseConnection->initialize()
 2 SYSTEMPATH\Database\BaseBuilder.php(1615): CodeIgniter\Database\BaseConnection->query('SELECT *
FROM `Destinos`
WHERE `Status` = :Status:', [...], false)
 3 APPPATH\Models\participantes.php(23): CodeIgniter\Database\BaseBuilder->get()
 4 APPPATH\Controllers\Home.php(35): App\Models\Participantes->consultarDestinos()
 5 SYSTEMPATH\CodeIgniter.php(942): App\Controllers\Home->index()
 6 SYSTEMPATH\CodeIgniter.php(502): CodeIgniter\CodeIgniter->runController(Object(App\Controllers\Home))
 7 SYSTEMPATH\CodeIgniter.php(361): CodeIgniter\CodeIgniter->handleRequest(null, Object(Config\Cache), false)
 8 FCPATH\index.php(79): CodeIgniter\CodeIgniter->run()
ERROR - 2025-04-12 13:24:05 --> Error connecting to the database: mysqli_sql_exception: Access denied for user 'u269039761_aerobalam'@'localhost' (using password: YES) in D:\Programas Instalados\XAMPP\htdocs\AEROBALAM\system\Database\MySQLi\Connection.php:184
Stack trace:
#0 D:\Programas Instalados\XAMPP\htdocs\AEROBALAM\system\Database\MySQLi\Connection.php(184): mysqli->real_connect('localhost', 'u269039761_aero...', Object(SensitiveParameterValue), 'u269039761_aero...', NULL, '', 0)
#1 D:\Programas Instalados\XAMPP\htdocs\AEROBALAM\system\Database\BaseConnection.php(392): CodeIgniter\Database\MySQLi\Connection->connect(false)
#2 D:\Programas Instalados\XAMPP\htdocs\AEROBALAM\system\Database\BaseConnection.php(575): CodeIgniter\Database\BaseConnection->initialize()
#3 D:\Programas Instalados\XAMPP\htdocs\AEROBALAM\system\Database\BaseBuilder.php(1615): CodeIgniter\Database\BaseConnection->query('SELECT *\nFROM `...', Array, false)
#4 D:\Programas Instalados\XAMPP\htdocs\AEROBALAM\app\Models\participantes.php(23): CodeIgniter\Database\BaseBuilder->get()
#5 D:\Programas Instalados\XAMPP\htdocs\AEROBALAM\app\Controllers\Home.php(35): App\Models\Participantes->consultarDestinos()
#6 D:\Programas Instalados\XAMPP\htdocs\AEROBALAM\system\CodeIgniter.php(942): App\Controllers\Home->index()
#7 D:\Programas Instalados\XAMPP\htdocs\AEROBALAM\system\CodeIgniter.php(502): CodeIgniter\CodeIgniter->runController(Object(App\Controllers\Home))
#8 D:\Programas Instalados\XAMPP\htdocs\AEROBALAM\system\CodeIgniter.php(361): CodeIgniter\CodeIgniter->handleRequest(NULL, Object(Config\Cache), false)
#9 D:\Programas Instalados\XAMPP\htdocs\AEROBALAM\index.php(79): CodeIgniter\CodeIgniter->run()
#10 {main}

Next CodeIgniter\Database\Exceptions\DatabaseException: Access denied for user '****'@'localhost' (using password: YES) in D:\Programas Instalados\XAMPP\htdocs\AEROBALAM\system\Database\MySQLi\Connection.php:229
Stack trace:
#0 D:\Programas Instalados\XAMPP\htdocs\AEROBALAM\system\Database\BaseConnection.php(392): CodeIgniter\Database\MySQLi\Connection->connect(false)
#1 D:\Programas Instalados\XAMPP\htdocs\AEROBALAM\system\Database\BaseConnection.php(575): CodeIgniter\Database\BaseConnection->initialize()
#2 D:\Programas Instalados\XAMPP\htdocs\AEROBALAM\system\Database\BaseBuilder.php(1615): CodeIgniter\Database\BaseConnection->query('SELECT *\nFROM `...', Array, false)
#3 D:\Programas Instalados\XAMPP\htdocs\AEROBALAM\app\Models\participantes.php(23): CodeIgniter\Database\BaseBuilder->get()
#4 D:\Programas Instalados\XAMPP\htdocs\AEROBALAM\app\Controllers\Home.php(35): App\Models\Participantes->consultarDestinos()
#5 D:\Programas Instalados\XAMPP\htdocs\AEROBALAM\system\CodeIgniter.php(942): App\Controllers\Home->index()
#6 D:\Programas Instalados\XAMPP\htdocs\AEROBALAM\system\CodeIgniter.php(502): CodeIgniter\CodeIgniter->runController(Object(App\Controllers\Home))
#7 D:\Programas Instalados\XAMPP\htdocs\AEROBALAM\system\CodeIgniter.php(361): CodeIgniter\CodeIgniter->handleRequest(NULL, Object(Config\Cache), false)
#8 D:\Programas Instalados\XAMPP\htdocs\AEROBALAM\index.php(79): CodeIgniter\CodeIgniter->run()
#9 {main}
CRITICAL - 2025-04-12 13:24:05 --> Unable to connect to the database.
Main connection [MySQLi]: Access denied for user '****'@'localhost' (using password: YES)
in SYSTEMPATH\Database\BaseConnection.php on line 428.
 1 SYSTEMPATH\Database\BaseConnection.php(575): CodeIgniter\Database\BaseConnection->initialize()
 2 SYSTEMPATH\Database\BaseBuilder.php(1615): CodeIgniter\Database\BaseConnection->query('SELECT *
FROM `Destinos`
WHERE `Status` = :Status:', [...], false)
 3 APPPATH\Models\participantes.php(23): CodeIgniter\Database\BaseBuilder->get()
 4 APPPATH\Controllers\Home.php(35): App\Models\Participantes->consultarDestinos()
 5 SYSTEMPATH\CodeIgniter.php(942): App\Controllers\Home->index()
 6 SYSTEMPATH\CodeIgniter.php(502): CodeIgniter\CodeIgniter->runController(Object(App\Controllers\Home))
 7 SYSTEMPATH\CodeIgniter.php(361): CodeIgniter\CodeIgniter->handleRequest(null, Object(Config\Cache), false)
 8 FCPATH\index.php(79): CodeIgniter\CodeIgniter->run()
CRITICAL - 2025-04-12 13:25:21 --> Class "CodeIgniter\Database\MySQL\Connection" not found
in SYSTEMPATH\Database\Database.php on line 137.
 1 SYSTEMPATH\Database\Database.php(55): CodeIgniter\Database\Database->initDriver('MySQL', 'Connection', [...])
 2 SYSTEMPATH\Database\Config.php(83): CodeIgniter\Database\Database->load([...], 'default')
 3 SYSTEMPATH\Model.php(151): CodeIgniter\Database\Config::connect('default')
 4 APPPATH\Controllers\Home.php(34): CodeIgniter\Model->__construct()
 5 SYSTEMPATH\CodeIgniter.php(942): App\Controllers\Home->index()
 6 SYSTEMPATH\CodeIgniter.php(502): CodeIgniter\CodeIgniter->runController(Object(App\Controllers\Home))
 7 SYSTEMPATH\CodeIgniter.php(361): CodeIgniter\CodeIgniter->handleRequest(null, Object(Config\Cache), false)
 8 FCPATH\index.php(79): CodeIgniter\CodeIgniter->run()
ERROR - 2025-04-12 13:25:25 --> Error connecting to the database: mysqli_sql_exception: Access denied for user 'u269039761_aerobalam'@'localhost' (using password: YES) in D:\Programas Instalados\XAMPP\htdocs\AEROBALAM\system\Database\MySQLi\Connection.php:184
Stack trace:
#0 D:\Programas Instalados\XAMPP\htdocs\AEROBALAM\system\Database\MySQLi\Connection.php(184): mysqli->real_connect('localhost', 'u269039761_aero...', Object(SensitiveParameterValue), 'u269039761_aero...', NULL, '', 0)
#1 D:\Programas Instalados\XAMPP\htdocs\AEROBALAM\system\Database\BaseConnection.php(392): CodeIgniter\Database\MySQLi\Connection->connect(false)
#2 D:\Programas Instalados\XAMPP\htdocs\AEROBALAM\system\Database\BaseConnection.php(575): CodeIgniter\Database\BaseConnection->initialize()
#3 D:\Programas Instalados\XAMPP\htdocs\AEROBALAM\system\Database\BaseBuilder.php(1615): CodeIgniter\Database\BaseConnection->query('SELECT *\nFROM `...', Array, false)
#4 D:\Programas Instalados\XAMPP\htdocs\AEROBALAM\app\Models\participantes.php(23): CodeIgniter\Database\BaseBuilder->get()
#5 D:\Programas Instalados\XAMPP\htdocs\AEROBALAM\app\Controllers\Home.php(35): App\Models\Participantes->consultarDestinos()
#6 D:\Programas Instalados\XAMPP\htdocs\AEROBALAM\system\CodeIgniter.php(942): App\Controllers\Home->index()
#7 D:\Programas Instalados\XAMPP\htdocs\AEROBALAM\system\CodeIgniter.php(502): CodeIgniter\CodeIgniter->runController(Object(App\Controllers\Home))
#8 D:\Programas Instalados\XAMPP\htdocs\AEROBALAM\system\CodeIgniter.php(361): CodeIgniter\CodeIgniter->handleRequest(NULL, Object(Config\Cache), false)
#9 D:\Programas Instalados\XAMPP\htdocs\AEROBALAM\index.php(79): CodeIgniter\CodeIgniter->run()
#10 {main}

Next CodeIgniter\Database\Exceptions\DatabaseException: Access denied for user '****'@'localhost' (using password: YES) in D:\Programas Instalados\XAMPP\htdocs\AEROBALAM\system\Database\MySQLi\Connection.php:229
Stack trace:
#0 D:\Programas Instalados\XAMPP\htdocs\AEROBALAM\system\Database\BaseConnection.php(392): CodeIgniter\Database\MySQLi\Connection->connect(false)
#1 D:\Programas Instalados\XAMPP\htdocs\AEROBALAM\system\Database\BaseConnection.php(575): CodeIgniter\Database\BaseConnection->initialize()
#2 D:\Programas Instalados\XAMPP\htdocs\AEROBALAM\system\Database\BaseBuilder.php(1615): CodeIgniter\Database\BaseConnection->query('SELECT *\nFROM `...', Array, false)
#3 D:\Programas Instalados\XAMPP\htdocs\AEROBALAM\app\Models\participantes.php(23): CodeIgniter\Database\BaseBuilder->get()
#4 D:\Programas Instalados\XAMPP\htdocs\AEROBALAM\app\Controllers\Home.php(35): App\Models\Participantes->consultarDestinos()
#5 D:\Programas Instalados\XAMPP\htdocs\AEROBALAM\system\CodeIgniter.php(942): App\Controllers\Home->index()
#6 D:\Programas Instalados\XAMPP\htdocs\AEROBALAM\system\CodeIgniter.php(502): CodeIgniter\CodeIgniter->runController(Object(App\Controllers\Home))
#7 D:\Programas Instalados\XAMPP\htdocs\AEROBALAM\system\CodeIgniter.php(361): CodeIgniter\CodeIgniter->handleRequest(NULL, Object(Config\Cache), false)
#8 D:\Programas Instalados\XAMPP\htdocs\AEROBALAM\index.php(79): CodeIgniter\CodeIgniter->run()
#9 {main}
CRITICAL - 2025-04-12 13:25:25 --> Unable to connect to the database.
Main connection [MySQLi]: Access denied for user '****'@'localhost' (using password: YES)
in SYSTEMPATH\Database\BaseConnection.php on line 428.
 1 SYSTEMPATH\Database\BaseConnection.php(575): CodeIgniter\Database\BaseConnection->initialize()
 2 SYSTEMPATH\Database\BaseBuilder.php(1615): CodeIgniter\Database\BaseConnection->query('SELECT *
FROM `Destinos`
WHERE `Status` = :Status:', [...], false)
 3 APPPATH\Models\participantes.php(23): CodeIgniter\Database\BaseBuilder->get()
 4 APPPATH\Controllers\Home.php(35): App\Models\Participantes->consultarDestinos()
 5 SYSTEMPATH\CodeIgniter.php(942): App\Controllers\Home->index()
 6 SYSTEMPATH\CodeIgniter.php(502): CodeIgniter\CodeIgniter->runController(Object(App\Controllers\Home))
 7 SYSTEMPATH\CodeIgniter.php(361): CodeIgniter\CodeIgniter->handleRequest(null, Object(Config\Cache), false)
 8 FCPATH\index.php(79): CodeIgniter\CodeIgniter->run()
ERROR - 2025-04-12 13:26:55 --> Error connecting to the database: mysqli_sql_exception: Access denied for user 'u269039761_aerobalam'@'localhost' (using password: YES) in D:\Programas Instalados\XAMPP\htdocs\AEROBALAM\system\Database\MySQLi\Connection.php:184
Stack trace:
#0 D:\Programas Instalados\XAMPP\htdocs\AEROBALAM\system\Database\MySQLi\Connection.php(184): mysqli->real_connect('localhost', 'u269039761_aero...', Object(SensitiveParameterValue), 'u269039761_aero...', NULL, '', 0)
#1 D:\Programas Instalados\XAMPP\htdocs\AEROBALAM\system\Database\BaseConnection.php(392): CodeIgniter\Database\MySQLi\Connection->connect(false)
#2 D:\Programas Instalados\XAMPP\htdocs\AEROBALAM\system\Database\BaseConnection.php(575): CodeIgniter\Database\BaseConnection->initialize()
#3 D:\Programas Instalados\XAMPP\htdocs\AEROBALAM\system\Database\BaseBuilder.php(1615): CodeIgniter\Database\BaseConnection->query('SELECT *\nFROM `...', Array, false)
#4 D:\Programas Instalados\XAMPP\htdocs\AEROBALAM\app\Models\participantes.php(23): CodeIgniter\Database\BaseBuilder->get()
#5 D:\Programas Instalados\XAMPP\htdocs\AEROBALAM\app\Controllers\Home.php(43): App\Models\Participantes->consultarDestinos()
#6 D:\Programas Instalados\XAMPP\htdocs\AEROBALAM\system\CodeIgniter.php(942): App\Controllers\Home->prueba()
#7 D:\Programas Instalados\XAMPP\htdocs\AEROBALAM\system\CodeIgniter.php(502): CodeIgniter\CodeIgniter->runController(Object(App\Controllers\Home))
#8 D:\Programas Instalados\XAMPP\htdocs\AEROBALAM\system\CodeIgniter.php(361): CodeIgniter\CodeIgniter->handleRequest(NULL, Object(Config\Cache), false)
#9 D:\Programas Instalados\XAMPP\htdocs\AEROBALAM\index.php(79): CodeIgniter\CodeIgniter->run()
#10 {main}

Next CodeIgniter\Database\Exceptions\DatabaseException: Access denied for user '****'@'localhost' (using password: YES) in D:\Programas Instalados\XAMPP\htdocs\AEROBALAM\system\Database\MySQLi\Connection.php:229
Stack trace:
#0 D:\Programas Instalados\XAMPP\htdocs\AEROBALAM\system\Database\BaseConnection.php(392): CodeIgniter\Database\MySQLi\Connection->connect(false)
#1 D:\Programas Instalados\XAMPP\htdocs\AEROBALAM\system\Database\BaseConnection.php(575): CodeIgniter\Database\BaseConnection->initialize()
#2 D:\Programas Instalados\XAMPP\htdocs\AEROBALAM\system\Database\BaseBuilder.php(1615): CodeIgniter\Database\BaseConnection->query('SELECT *\nFROM `...', Array, false)
#3 D:\Programas Instalados\XAMPP\htdocs\AEROBALAM\app\Models\participantes.php(23): CodeIgniter\Database\BaseBuilder->get()
#4 D:\Programas Instalados\XAMPP\htdocs\AEROBALAM\app\Controllers\Home.php(43): App\Models\Participantes->consultarDestinos()
#5 D:\Programas Instalados\XAMPP\htdocs\AEROBALAM\system\CodeIgniter.php(942): App\Controllers\Home->prueba()
#6 D:\Programas Instalados\XAMPP\htdocs\AEROBALAM\system\CodeIgniter.php(502): CodeIgniter\CodeIgniter->runController(Object(App\Controllers\Home))
#7 D:\Programas Instalados\XAMPP\htdocs\AEROBALAM\system\CodeIgniter.php(361): CodeIgniter\CodeIgniter->handleRequest(NULL, Object(Config\Cache), false)
#8 D:\Programas Instalados\XAMPP\htdocs\AEROBALAM\index.php(79): CodeIgniter\CodeIgniter->run()
#9 {main}
CRITICAL - 2025-04-12 13:26:55 --> Unable to connect to the database.
Main connection [MySQLi]: Access denied for user '****'@'localhost' (using password: YES)
in SYSTEMPATH\Database\BaseConnection.php on line 428.
 1 SYSTEMPATH\Database\BaseConnection.php(575): CodeIgniter\Database\BaseConnection->initialize()
 2 SYSTEMPATH\Database\BaseBuilder.php(1615): CodeIgniter\Database\BaseConnection->query('SELECT *
FROM `Destinos`
WHERE `Status` = :Status:', [...], false)
 3 APPPATH\Models\participantes.php(23): CodeIgniter\Database\BaseBuilder->get()
 4 APPPATH\Controllers\Home.php(43): App\Models\Participantes->consultarDestinos()
 5 SYSTEMPATH\CodeIgniter.php(942): App\Controllers\Home->prueba()
 6 SYSTEMPATH\CodeIgniter.php(502): CodeIgniter\CodeIgniter->runController(Object(App\Controllers\Home))
 7 SYSTEMPATH\CodeIgniter.php(361): CodeIgniter\CodeIgniter->handleRequest(null, Object(Config\Cache), false)
 8 FCPATH\index.php(79): CodeIgniter\CodeIgniter->run()
ERROR - 2025-04-12 13:27:11 --> Error connecting to the database: mysqli_sql_exception: Access denied for user 'u269039761_aerobalam'@'localhost' (using password: YES) in D:\Programas Instalados\XAMPP\htdocs\AEROBALAM\system\Database\MySQLi\Connection.php:184
Stack trace:
#0 D:\Programas Instalados\XAMPP\htdocs\AEROBALAM\system\Database\MySQLi\Connection.php(184): mysqli->real_connect('localhost', 'u269039761_aero...', Object(SensitiveParameterValue), 'u269039761_aero...', NULL, '', 0)
#1 D:\Programas Instalados\XAMPP\htdocs\AEROBALAM\system\Database\BaseConnection.php(392): CodeIgniter\Database\MySQLi\Connection->connect(false)
#2 D:\Programas Instalados\XAMPP\htdocs\AEROBALAM\system\Database\BaseConnection.php(575): CodeIgniter\Database\BaseConnection->initialize()
#3 D:\Programas Instalados\XAMPP\htdocs\AEROBALAM\system\Database\BaseBuilder.php(1615): CodeIgniter\Database\BaseConnection->query('SELECT *\nFROM `...', Array, false)
#4 D:\Programas Instalados\XAMPP\htdocs\AEROBALAM\app\Models\participantes.php(23): CodeIgniter\Database\BaseBuilder->get()
#5 D:\Programas Instalados\XAMPP\htdocs\AEROBALAM\app\Controllers\Home.php(43): App\Models\Participantes->consultarDestinos()
#6 D:\Programas Instalados\XAMPP\htdocs\AEROBALAM\system\CodeIgniter.php(942): App\Controllers\Home->prueba()
#7 D:\Programas Instalados\XAMPP\htdocs\AEROBALAM\system\CodeIgniter.php(502): CodeIgniter\CodeIgniter->runController(Object(App\Controllers\Home))
#8 D:\Programas Instalados\XAMPP\htdocs\AEROBALAM\system\CodeIgniter.php(361): CodeIgniter\CodeIgniter->handleRequest(NULL, Object(Config\Cache), false)
#9 D:\Programas Instalados\XAMPP\htdocs\AEROBALAM\index.php(79): CodeIgniter\CodeIgniter->run()
#10 {main}

Next CodeIgniter\Database\Exceptions\DatabaseException: Access denied for user '****'@'localhost' (using password: YES) in D:\Programas Instalados\XAMPP\htdocs\AEROBALAM\system\Database\MySQLi\Connection.php:229
Stack trace:
#0 D:\Programas Instalados\XAMPP\htdocs\AEROBALAM\system\Database\BaseConnection.php(392): CodeIgniter\Database\MySQLi\Connection->connect(false)
#1 D:\Programas Instalados\XAMPP\htdocs\AEROBALAM\system\Database\BaseConnection.php(575): CodeIgniter\Database\BaseConnection->initialize()
#2 D:\Programas Instalados\XAMPP\htdocs\AEROBALAM\system\Database\BaseBuilder.php(1615): CodeIgniter\Database\BaseConnection->query('SELECT *\nFROM `...', Array, false)
#3 D:\Programas Instalados\XAMPP\htdocs\AEROBALAM\app\Models\participantes.php(23): CodeIgniter\Database\BaseBuilder->get()
#4 D:\Programas Instalados\XAMPP\htdocs\AEROBALAM\app\Controllers\Home.php(43): App\Models\Participantes->consultarDestinos()
#5 D:\Programas Instalados\XAMPP\htdocs\AEROBALAM\system\CodeIgniter.php(942): App\Controllers\Home->prueba()
#6 D:\Programas Instalados\XAMPP\htdocs\AEROBALAM\system\CodeIgniter.php(502): CodeIgniter\CodeIgniter->runController(Object(App\Controllers\Home))
#7 D:\Programas Instalados\XAMPP\htdocs\AEROBALAM\system\CodeIgniter.php(361): CodeIgniter\CodeIgniter->handleRequest(NULL, Object(Config\Cache), false)
#8 D:\Programas Instalados\XAMPP\htdocs\AEROBALAM\index.php(79): CodeIgniter\CodeIgniter->run()
#9 {main}
CRITICAL - 2025-04-12 13:27:11 --> Unable to connect to the database.
Main connection [MySQLi]: Access denied for user '****'@'localhost' (using password: YES)
in SYSTEMPATH\Database\BaseConnection.php on line 428.
 1 SYSTEMPATH\Database\BaseConnection.php(575): CodeIgniter\Database\BaseConnection->initialize()
 2 SYSTEMPATH\Database\BaseBuilder.php(1615): CodeIgniter\Database\BaseConnection->query('SELECT *
FROM `Destinos`
WHERE `Status` = :Status:', [...], false)
 3 APPPATH\Models\participantes.php(23): CodeIgniter\Database\BaseBuilder->get()
 4 APPPATH\Controllers\Home.php(43): App\Models\Participantes->consultarDestinos()
 5 SYSTEMPATH\CodeIgniter.php(942): App\Controllers\Home->prueba()
 6 SYSTEMPATH\CodeIgniter.php(502): CodeIgniter\CodeIgniter->runController(Object(App\Controllers\Home))
 7 SYSTEMPATH\CodeIgniter.php(361): CodeIgniter\CodeIgniter->handleRequest(null, Object(Config\Cache), false)
 8 FCPATH\index.php(79): CodeIgniter\CodeIgniter->run()
ERROR - 2025-04-12 13:27:12 --> Error connecting to the database: mysqli_sql_exception: Access denied for user 'u269039761_aerobalam'@'localhost' (using password: YES) in D:\Programas Instalados\XAMPP\htdocs\AEROBALAM\system\Database\MySQLi\Connection.php:184
Stack trace:
#0 D:\Programas Instalados\XAMPP\htdocs\AEROBALAM\system\Database\MySQLi\Connection.php(184): mysqli->real_connect('localhost', 'u269039761_aero...', Object(SensitiveParameterValue), 'u269039761_aero...', NULL, '', 0)
#1 D:\Programas Instalados\XAMPP\htdocs\AEROBALAM\system\Database\BaseConnection.php(392): CodeIgniter\Database\MySQLi\Connection->connect(false)
#2 D:\Programas Instalados\XAMPP\htdocs\AEROBALAM\system\Database\BaseConnection.php(575): CodeIgniter\Database\BaseConnection->initialize()
#3 D:\Programas Instalados\XAMPP\htdocs\AEROBALAM\system\Database\BaseBuilder.php(1615): CodeIgniter\Database\BaseConnection->query('SELECT *\nFROM `...', Array, false)
#4 D:\Programas Instalados\XAMPP\htdocs\AEROBALAM\app\Models\participantes.php(23): CodeIgniter\Database\BaseBuilder->get()
#5 D:\Programas Instalados\XAMPP\htdocs\AEROBALAM\app\Controllers\Home.php(43): App\Models\Participantes->consultarDestinos()
#6 D:\Programas Instalados\XAMPP\htdocs\AEROBALAM\system\CodeIgniter.php(942): App\Controllers\Home->prueba()
#7 D:\Programas Instalados\XAMPP\htdocs\AEROBALAM\system\CodeIgniter.php(502): CodeIgniter\CodeIgniter->runController(Object(App\Controllers\Home))
#8 D:\Programas Instalados\XAMPP\htdocs\AEROBALAM\system\CodeIgniter.php(361): CodeIgniter\CodeIgniter->handleRequest(NULL, Object(Config\Cache), false)
#9 D:\Programas Instalados\XAMPP\htdocs\AEROBALAM\index.php(79): CodeIgniter\CodeIgniter->run()
#10 {main}

Next CodeIgniter\Database\Exceptions\DatabaseException: Access denied for user '****'@'localhost' (using password: YES) in D:\Programas Instalados\XAMPP\htdocs\AEROBALAM\system\Database\MySQLi\Connection.php:229
Stack trace:
#0 D:\Programas Instalados\XAMPP\htdocs\AEROBALAM\system\Database\BaseConnection.php(392): CodeIgniter\Database\MySQLi\Connection->connect(false)
#1 D:\Programas Instalados\XAMPP\htdocs\AEROBALAM\system\Database\BaseConnection.php(575): CodeIgniter\Database\BaseConnection->initialize()
#2 D:\Programas Instalados\XAMPP\htdocs\AEROBALAM\system\Database\BaseBuilder.php(1615): CodeIgniter\Database\BaseConnection->query('SELECT *\nFROM `...', Array, false)
#3 D:\Programas Instalados\XAMPP\htdocs\AEROBALAM\app\Models\participantes.php(23): CodeIgniter\Database\BaseBuilder->get()
#4 D:\Programas Instalados\XAMPP\htdocs\AEROBALAM\app\Controllers\Home.php(43): App\Models\Participantes->consultarDestinos()
#5 D:\Programas Instalados\XAMPP\htdocs\AEROBALAM\system\CodeIgniter.php(942): App\Controllers\Home->prueba()
#6 D:\Programas Instalados\XAMPP\htdocs\AEROBALAM\system\CodeIgniter.php(502): CodeIgniter\CodeIgniter->runController(Object(App\Controllers\Home))
#7 D:\Programas Instalados\XAMPP\htdocs\AEROBALAM\system\CodeIgniter.php(361): CodeIgniter\CodeIgniter->handleRequest(NULL, Object(Config\Cache), false)
#8 D:\Programas Instalados\XAMPP\htdocs\AEROBALAM\index.php(79): CodeIgniter\CodeIgniter->run()
#9 {main}
CRITICAL - 2025-04-12 13:27:12 --> Unable to connect to the database.
Main connection [MySQLi]: Access denied for user '****'@'localhost' (using password: YES)
in SYSTEMPATH\Database\BaseConnection.php on line 428.
 1 SYSTEMPATH\Database\BaseConnection.php(575): CodeIgniter\Database\BaseConnection->initialize()
 2 SYSTEMPATH\Database\BaseBuilder.php(1615): CodeIgniter\Database\BaseConnection->query('SELECT *
FROM `Destinos`
WHERE `Status` = :Status:', [...], false)
 3 APPPATH\Models\participantes.php(23): CodeIgniter\Database\BaseBuilder->get()
 4 APPPATH\Controllers\Home.php(43): App\Models\Participantes->consultarDestinos()
 5 SYSTEMPATH\CodeIgniter.php(942): App\Controllers\Home->prueba()
 6 SYSTEMPATH\CodeIgniter.php(502): CodeIgniter\CodeIgniter->runController(Object(App\Controllers\Home))
 7 SYSTEMPATH\CodeIgniter.php(361): CodeIgniter\CodeIgniter->handleRequest(null, Object(Config\Cache), false)
 8 FCPATH\index.php(79): CodeIgniter\CodeIgniter->run()
ERROR - 2025-04-12 13:32:47 --> Error connecting to the database: mysqli_sql_exception: Access denied for user 'u269039761_user'@'localhost' (using password: YES) in D:\Programas Instalados\XAMPP\htdocs\AEROBALAM\system\Database\MySQLi\Connection.php:184
Stack trace:
#0 D:\Programas Instalados\XAMPP\htdocs\AEROBALAM\system\Database\MySQLi\Connection.php(184): mysqli->real_connect('localhost', 'u269039761_user', Object(SensitiveParameterValue), 'u269039761_aero', NULL, '', 0)
#1 D:\Programas Instalados\XAMPP\htdocs\AEROBALAM\system\Database\BaseConnection.php(392): CodeIgniter\Database\MySQLi\Connection->connect(false)
#2 D:\Programas Instalados\XAMPP\htdocs\AEROBALAM\system\Database\BaseConnection.php(575): CodeIgniter\Database\BaseConnection->initialize()
#3 D:\Programas Instalados\XAMPP\htdocs\AEROBALAM\system\Database\BaseBuilder.php(1615): CodeIgniter\Database\BaseConnection->query('SELECT *\nFROM `...', Array, false)
#4 D:\Programas Instalados\XAMPP\htdocs\AEROBALAM\app\Models\participantes.php(23): CodeIgniter\Database\BaseBuilder->get()
#5 D:\Programas Instalados\XAMPP\htdocs\AEROBALAM\app\Controllers\Home.php(43): App\Models\Participantes->consultarDestinos()
#6 D:\Programas Instalados\XAMPP\htdocs\AEROBALAM\system\CodeIgniter.php(942): App\Controllers\Home->prueba()
#7 D:\Programas Instalados\XAMPP\htdocs\AEROBALAM\system\CodeIgniter.php(502): CodeIgniter\CodeIgniter->runController(Object(App\Controllers\Home))
#8 D:\Programas Instalados\XAMPP\htdocs\AEROBALAM\system\CodeIgniter.php(361): CodeIgniter\CodeIgniter->handleRequest(NULL, Object(Config\Cache), false)
#9 D:\Programas Instalados\XAMPP\htdocs\AEROBALAM\index.php(79): CodeIgniter\CodeIgniter->run()
#10 {main}

Next CodeIgniter\Database\Exceptions\DatabaseException: Access denied for user '****'@'localhost' (using password: YES) in D:\Programas Instalados\XAMPP\htdocs\AEROBALAM\system\Database\MySQLi\Connection.php:229
Stack trace:
#0 D:\Programas Instalados\XAMPP\htdocs\AEROBALAM\system\Database\BaseConnection.php(392): CodeIgniter\Database\MySQLi\Connection->connect(false)
#1 D:\Programas Instalados\XAMPP\htdocs\AEROBALAM\system\Database\BaseConnection.php(575): CodeIgniter\Database\BaseConnection->initialize()
#2 D:\Programas Instalados\XAMPP\htdocs\AEROBALAM\system\Database\BaseBuilder.php(1615): CodeIgniter\Database\BaseConnection->query('SELECT *\nFROM `...', Array, false)
#3 D:\Programas Instalados\XAMPP\htdocs\AEROBALAM\app\Models\participantes.php(23): CodeIgniter\Database\BaseBuilder->get()
#4 D:\Programas Instalados\XAMPP\htdocs\AEROBALAM\app\Controllers\Home.php(43): App\Models\Participantes->consultarDestinos()
#5 D:\Programas Instalados\XAMPP\htdocs\AEROBALAM\system\CodeIgniter.php(942): App\Controllers\Home->prueba()
#6 D:\Programas Instalados\XAMPP\htdocs\AEROBALAM\system\CodeIgniter.php(502): CodeIgniter\CodeIgniter->runController(Object(App\Controllers\Home))
#7 D:\Programas Instalados\XAMPP\htdocs\AEROBALAM\system\CodeIgniter.php(361): CodeIgniter\CodeIgniter->handleRequest(NULL, Object(Config\Cache), false)
#8 D:\Programas Instalados\XAMPP\htdocs\AEROBALAM\index.php(79): CodeIgniter\CodeIgniter->run()
#9 {main}
CRITICAL - 2025-04-12 13:32:47 --> Unable to connect to the database.
Main connection [MySQLi]: Access denied for user '****'@'localhost' (using password: YES)
in SYSTEMPATH\Database\BaseConnection.php on line 428.
 1 SYSTEMPATH\Database\BaseConnection.php(575): CodeIgniter\Database\BaseConnection->initialize()
 2 SYSTEMPATH\Database\BaseBuilder.php(1615): CodeIgniter\Database\BaseConnection->query('SELECT *
FROM `Destinos`
WHERE `Status` = :Status:', [...], false)
 3 APPPATH\Models\participantes.php(23): CodeIgniter\Database\BaseBuilder->get()
 4 APPPATH\Controllers\Home.php(43): App\Models\Participantes->consultarDestinos()
 5 SYSTEMPATH\CodeIgniter.php(942): App\Controllers\Home->prueba()
 6 SYSTEMPATH\CodeIgniter.php(502): CodeIgniter\CodeIgniter->runController(Object(App\Controllers\Home))
 7 SYSTEMPATH\CodeIgniter.php(361): CodeIgniter\CodeIgniter->handleRequest(null, Object(Config\Cache), false)
 8 FCPATH\index.php(79): CodeIgniter\CodeIgniter->run()
CRITICAL - 2025-04-12 13:32:53 --> Undefined variable $destinos
in APPPATH\Views\index.php on line 33.
 1 APPPATH\Views\index.php(33): CodeIgniter\Debug\Exceptions->errorHandler(2, 'Undefined variable $destinos', 'D:\\Programas Instalados\\XAMPP\\htdocs\\AEROBALAM\\app\\Views\\index.php', 33)
 2 SYSTEMPATH\View\View.php(228): include('D:\\Programas Instalados\\XAMPP\\htdocs\\AEROBALAM\\app\\Views\\index.php')
 3 SYSTEMPATH\View\View.php(231): CodeIgniter\View\View->CodeIgniter\View\{closure}()
 4 SYSTEMPATH\Common.php(1190): CodeIgniter\View\View->render('index', [], true)
 5 APPPATH\Controllers\Home.php(37): view('index')
 6 SYSTEMPATH\CodeIgniter.php(942): App\Controllers\Home->index()
 7 SYSTEMPATH\CodeIgniter.php(502): CodeIgniter\CodeIgniter->runController(Object(App\Controllers\Home))
 8 SYSTEMPATH\CodeIgniter.php(361): CodeIgniter\CodeIgniter->handleRequest(null, Object(Config\Cache), false)
 9 FCPATH\index.php(79): CodeIgniter\CodeIgniter->run()
ERROR - 2025-04-12 13:33:09 --> Error connecting to the database: mysqli_sql_exception: Access denied for user 'u269039761_user'@'localhost' (using password: YES) in D:\Programas Instalados\XAMPP\htdocs\AEROBALAM\system\Database\MySQLi\Connection.php:184
Stack trace:
#0 D:\Programas Instalados\XAMPP\htdocs\AEROBALAM\system\Database\MySQLi\Connection.php(184): mysqli->real_connect('localhost', 'u269039761_user', Object(SensitiveParameterValue), 'u269039761_aero', NULL, '', 0)
#1 D:\Programas Instalados\XAMPP\htdocs\AEROBALAM\system\Database\BaseConnection.php(392): CodeIgniter\Database\MySQLi\Connection->connect(false)
#2 D:\Programas Instalados\XAMPP\htdocs\AEROBALAM\system\Database\BaseConnection.php(575): CodeIgniter\Database\BaseConnection->initialize()
#3 D:\Programas Instalados\XAMPP\htdocs\AEROBALAM\system\Database\BaseBuilder.php(1615): CodeIgniter\Database\BaseConnection->query('SELECT *\nFROM `...', Array, false)
#4 D:\Programas Instalados\XAMPP\htdocs\AEROBALAM\app\Models\participantes.php(23): CodeIgniter\Database\BaseBuilder->get()
#5 D:\Programas Instalados\XAMPP\htdocs\AEROBALAM\app\Controllers\Home.php(35): App\Models\Participantes->consultarDestinos()
#6 D:\Programas Instalados\XAMPP\htdocs\AEROBALAM\system\CodeIgniter.php(942): App\Controllers\Home->index()
#7 D:\Programas Instalados\XAMPP\htdocs\AEROBALAM\system\CodeIgniter.php(502): CodeIgniter\CodeIgniter->runController(Object(App\Controllers\Home))
#8 D:\Programas Instalados\XAMPP\htdocs\AEROBALAM\system\CodeIgniter.php(361): CodeIgniter\CodeIgniter->handleRequest(NULL, Object(Config\Cache), false)
#9 D:\Programas Instalados\XAMPP\htdocs\AEROBALAM\index.php(79): CodeIgniter\CodeIgniter->run()
#10 {main}

Next CodeIgniter\Database\Exceptions\DatabaseException: Access denied for user '****'@'localhost' (using password: YES) in D:\Programas Instalados\XAMPP\htdocs\AEROBALAM\system\Database\MySQLi\Connection.php:229
Stack trace:
#0 D:\Programas Instalados\XAMPP\htdocs\AEROBALAM\system\Database\BaseConnection.php(392): CodeIgniter\Database\MySQLi\Connection->connect(false)
#1 D:\Programas Instalados\XAMPP\htdocs\AEROBALAM\system\Database\BaseConnection.php(575): CodeIgniter\Database\BaseConnection->initialize()
#2 D:\Programas Instalados\XAMPP\htdocs\AEROBALAM\system\Database\BaseBuilder.php(1615): CodeIgniter\Database\BaseConnection->query('SELECT *\nFROM `...', Array, false)
#3 D:\Programas Instalados\XAMPP\htdocs\AEROBALAM\app\Models\participantes.php(23): CodeIgniter\Database\BaseBuilder->get()
#4 D:\Programas Instalados\XAMPP\htdocs\AEROBALAM\app\Controllers\Home.php(35): App\Models\Participantes->consultarDestinos()
#5 D:\Programas Instalados\XAMPP\htdocs\AEROBALAM\system\CodeIgniter.php(942): App\Controllers\Home->index()
#6 D:\Programas Instalados\XAMPP\htdocs\AEROBALAM\system\CodeIgniter.php(502): CodeIgniter\CodeIgniter->runController(Object(App\Controllers\Home))
#7 D:\Programas Instalados\XAMPP\htdocs\AEROBALAM\system\CodeIgniter.php(361): CodeIgniter\CodeIgniter->handleRequest(NULL, Object(Config\Cache), false)
#8 D:\Programas Instalados\XAMPP\htdocs\AEROBALAM\index.php(79): CodeIgniter\CodeIgniter->run()
#9 {main}
CRITICAL - 2025-04-12 13:33:09 --> Unable to connect to the database.
Main connection [MySQLi]: Access denied for user '****'@'localhost' (using password: YES)
in SYSTEMPATH\Database\BaseConnection.php on line 428.
 1 SYSTEMPATH\Database\BaseConnection.php(575): CodeIgniter\Database\BaseConnection->initialize()
 2 SYSTEMPATH\Database\BaseBuilder.php(1615): CodeIgniter\Database\BaseConnection->query('SELECT *
FROM `Destinos`
WHERE `Status` = :Status:', [...], false)
 3 APPPATH\Models\participantes.php(23): CodeIgniter\Database\BaseBuilder->get()
 4 APPPATH\Controllers\Home.php(35): App\Models\Participantes->consultarDestinos()
 5 SYSTEMPATH\CodeIgniter.php(942): App\Controllers\Home->index()
 6 SYSTEMPATH\CodeIgniter.php(502): CodeIgniter\CodeIgniter->runController(Object(App\Controllers\Home))
 7 SYSTEMPATH\CodeIgniter.php(361): CodeIgniter\CodeIgniter->handleRequest(null, Object(Config\Cache), false)
 8 FCPATH\index.php(79): CodeIgniter\CodeIgniter->run()
ERROR - 2025-04-12 13:33:47 --> Error connecting to the database: mysqli_sql_exception: Access denied for user 'u269039761_user'@'localhost' (using password: YES) in D:\Programas Instalados\XAMPP\htdocs\AEROBALAM\system\Database\MySQLi\Connection.php:184
Stack trace:
#0 D:\Programas Instalados\XAMPP\htdocs\AEROBALAM\system\Database\MySQLi\Connection.php(184): mysqli->real_connect('localhost', 'u269039761_user', Object(SensitiveParameterValue), 'u269039761_aero', NULL, '', 0)
#1 D:\Programas Instalados\XAMPP\htdocs\AEROBALAM\system\Database\BaseConnection.php(392): CodeIgniter\Database\MySQLi\Connection->connect(false)
#2 D:\Programas Instalados\XAMPP\htdocs\AEROBALAM\system\Database\BaseConnection.php(575): CodeIgniter\Database\BaseConnection->initialize()
#3 D:\Programas Instalados\XAMPP\htdocs\AEROBALAM\system\Database\BaseBuilder.php(1615): CodeIgniter\Database\BaseConnection->query('SELECT *\nFROM `...', Array, false)
#4 D:\Programas Instalados\XAMPP\htdocs\AEROBALAM\app\Models\participantes.php(23): CodeIgniter\Database\BaseBuilder->get()
#5 D:\Programas Instalados\XAMPP\htdocs\AEROBALAM\app\Controllers\Home.php(43): App\Models\Participantes->consultarDestinos()
#6 D:\Programas Instalados\XAMPP\htdocs\AEROBALAM\system\CodeIgniter.php(942): App\Controllers\Home->prueba()
#7 D:\Programas Instalados\XAMPP\htdocs\AEROBALAM\system\CodeIgniter.php(502): CodeIgniter\CodeIgniter->runController(Object(App\Controllers\Home))
#8 D:\Programas Instalados\XAMPP\htdocs\AEROBALAM\system\CodeIgniter.php(361): CodeIgniter\CodeIgniter->handleRequest(NULL, Object(Config\Cache), false)
#9 D:\Programas Instalados\XAMPP\htdocs\AEROBALAM\index.php(79): CodeIgniter\CodeIgniter->run()
#10 {main}

Next CodeIgniter\Database\Exceptions\DatabaseException: Access denied for user '****'@'localhost' (using password: YES) in D:\Programas Instalados\XAMPP\htdocs\AEROBALAM\system\Database\MySQLi\Connection.php:229
Stack trace:
#0 D:\Programas Instalados\XAMPP\htdocs\AEROBALAM\system\Database\BaseConnection.php(392): CodeIgniter\Database\MySQLi\Connection->connect(false)
#1 D:\Programas Instalados\XAMPP\htdocs\AEROBALAM\system\Database\BaseConnection.php(575): CodeIgniter\Database\BaseConnection->initialize()
#2 D:\Programas Instalados\XAMPP\htdocs\AEROBALAM\system\Database\BaseBuilder.php(1615): CodeIgniter\Database\BaseConnection->query('SELECT *\nFROM `...', Array, false)
#3 D:\Programas Instalados\XAMPP\htdocs\AEROBALAM\app\Models\participantes.php(23): CodeIgniter\Database\BaseBuilder->get()
#4 D:\Programas Instalados\XAMPP\htdocs\AEROBALAM\app\Controllers\Home.php(43): App\Models\Participantes->consultarDestinos()
#5 D:\Programas Instalados\XAMPP\htdocs\AEROBALAM\system\CodeIgniter.php(942): App\Controllers\Home->prueba()
#6 D:\Programas Instalados\XAMPP\htdocs\AEROBALAM\system\CodeIgniter.php(502): CodeIgniter\CodeIgniter->runController(Object(App\Controllers\Home))
#7 D:\Programas Instalados\XAMPP\htdocs\AEROBALAM\system\CodeIgniter.php(361): CodeIgniter\CodeIgniter->handleRequest(NULL, Object(Config\Cache), false)
#8 D:\Programas Instalados\XAMPP\htdocs\AEROBALAM\index.php(79): CodeIgniter\CodeIgniter->run()
#9 {main}
CRITICAL - 2025-04-12 13:33:47 --> Unable to connect to the database.
Main connection [MySQLi]: Access denied for user '****'@'localhost' (using password: YES)
in SYSTEMPATH\Database\BaseConnection.php on line 428.
 1 SYSTEMPATH\Database\BaseConnection.php(575): CodeIgniter\Database\BaseConnection->initialize()
 2 SYSTEMPATH\Database\BaseBuilder.php(1615): CodeIgniter\Database\BaseConnection->query('SELECT *
FROM `Destinos`
WHERE `Status` = :Status:', [...], false)
 3 APPPATH\Models\participantes.php(23): CodeIgniter\Database\BaseBuilder->get()
 4 APPPATH\Controllers\Home.php(43): App\Models\Participantes->consultarDestinos()
 5 SYSTEMPATH\CodeIgniter.php(942): App\Controllers\Home->prueba()
 6 SYSTEMPATH\CodeIgniter.php(502): CodeIgniter\CodeIgniter->runController(Object(App\Controllers\Home))
 7 SYSTEMPATH\CodeIgniter.php(361): CodeIgniter\CodeIgniter->handleRequest(null, Object(Config\Cache), false)
 8 FCPATH\index.php(79): CodeIgniter\CodeIgniter->run()
ERROR - 2025-04-12 13:33:48 --> Error connecting to the database: mysqli_sql_exception: Access denied for user 'u269039761_user'@'localhost' (using password: YES) in D:\Programas Instalados\XAMPP\htdocs\AEROBALAM\system\Database\MySQLi\Connection.php:184
Stack trace:
#0 D:\Programas Instalados\XAMPP\htdocs\AEROBALAM\system\Database\MySQLi\Connection.php(184): mysqli->real_connect('localhost', 'u269039761_user', Object(SensitiveParameterValue), 'u269039761_aero', NULL, '', 0)
#1 D:\Programas Instalados\XAMPP\htdocs\AEROBALAM\system\Database\BaseConnection.php(392): CodeIgniter\Database\MySQLi\Connection->connect(false)
#2 D:\Programas Instalados\XAMPP\htdocs\AEROBALAM\system\Database\BaseConnection.php(575): CodeIgniter\Database\BaseConnection->initialize()
#3 D:\Programas Instalados\XAMPP\htdocs\AEROBALAM\system\Database\BaseBuilder.php(1615): CodeIgniter\Database\BaseConnection->query('SELECT *\nFROM `...', Array, false)
#4 D:\Programas Instalados\XAMPP\htdocs\AEROBALAM\app\Models\participantes.php(23): CodeIgniter\Database\BaseBuilder->get()
#5 D:\Programas Instalados\XAMPP\htdocs\AEROBALAM\app\Controllers\Home.php(43): App\Models\Participantes->consultarDestinos()
#6 D:\Programas Instalados\XAMPP\htdocs\AEROBALAM\system\CodeIgniter.php(942): App\Controllers\Home->prueba()
#7 D:\Programas Instalados\XAMPP\htdocs\AEROBALAM\system\CodeIgniter.php(502): CodeIgniter\CodeIgniter->runController(Object(App\Controllers\Home))
#8 D:\Programas Instalados\XAMPP\htdocs\AEROBALAM\system\CodeIgniter.php(361): CodeIgniter\CodeIgniter->handleRequest(NULL, Object(Config\Cache), false)
#9 D:\Programas Instalados\XAMPP\htdocs\AEROBALAM\index.php(79): CodeIgniter\CodeIgniter->run()
#10 {main}

Next CodeIgniter\Database\Exceptions\DatabaseException: Access denied for user '****'@'localhost' (using password: YES) in D:\Programas Instalados\XAMPP\htdocs\AEROBALAM\system\Database\MySQLi\Connection.php:229
Stack trace:
#0 D:\Programas Instalados\XAMPP\htdocs\AEROBALAM\system\Database\BaseConnection.php(392): CodeIgniter\Database\MySQLi\Connection->connect(false)
#1 D:\Programas Instalados\XAMPP\htdocs\AEROBALAM\system\Database\BaseConnection.php(575): CodeIgniter\Database\BaseConnection->initialize()
#2 D:\Programas Instalados\XAMPP\htdocs\AEROBALAM\system\Database\BaseBuilder.php(1615): CodeIgniter\Database\BaseConnection->query('SELECT *\nFROM `...', Array, false)
#3 D:\Programas Instalados\XAMPP\htdocs\AEROBALAM\app\Models\participantes.php(23): CodeIgniter\Database\BaseBuilder->get()
#4 D:\Programas Instalados\XAMPP\htdocs\AEROBALAM\app\Controllers\Home.php(43): App\Models\Participantes->consultarDestinos()
#5 D:\Programas Instalados\XAMPP\htdocs\AEROBALAM\system\CodeIgniter.php(942): App\Controllers\Home->prueba()
#6 D:\Programas Instalados\XAMPP\htdocs\AEROBALAM\system\CodeIgniter.php(502): CodeIgniter\CodeIgniter->runController(Object(App\Controllers\Home))
#7 D:\Programas Instalados\XAMPP\htdocs\AEROBALAM\system\CodeIgniter.php(361): CodeIgniter\CodeIgniter->handleRequest(NULL, Object(Config\Cache), false)
#8 D:\Programas Instalados\XAMPP\htdocs\AEROBALAM\index.php(79): CodeIgniter\CodeIgniter->run()
#9 {main}
CRITICAL - 2025-04-12 13:33:48 --> Unable to connect to the database.
Main connection [MySQLi]: Access denied for user '****'@'localhost' (using password: YES)
in SYSTEMPATH\Database\BaseConnection.php on line 428.
 1 SYSTEMPATH\Database\BaseConnection.php(575): CodeIgniter\Database\BaseConnection->initialize()
 2 SYSTEMPATH\Database\BaseBuilder.php(1615): CodeIgniter\Database\BaseConnection->query('SELECT *
FROM `Destinos`
WHERE `Status` = :Status:', [...], false)
 3 APPPATH\Models\participantes.php(23): CodeIgniter\Database\BaseBuilder->get()
 4 APPPATH\Controllers\Home.php(43): App\Models\Participantes->consultarDestinos()
 5 SYSTEMPATH\CodeIgniter.php(942): App\Controllers\Home->prueba()
 6 SYSTEMPATH\CodeIgniter.php(502): CodeIgniter\CodeIgniter->runController(Object(App\Controllers\Home))
 7 SYSTEMPATH\CodeIgniter.php(361): CodeIgniter\CodeIgniter->handleRequest(null, Object(Config\Cache), false)
 8 FCPATH\index.php(79): CodeIgniter\CodeIgniter->run()
ERROR - 2025-04-12 13:33:48 --> Error connecting to the database: mysqli_sql_exception: Access denied for user 'u269039761_user'@'localhost' (using password: YES) in D:\Programas Instalados\XAMPP\htdocs\AEROBALAM\system\Database\MySQLi\Connection.php:184
Stack trace:
#0 D:\Programas Instalados\XAMPP\htdocs\AEROBALAM\system\Database\MySQLi\Connection.php(184): mysqli->real_connect('localhost', 'u269039761_user', Object(SensitiveParameterValue), 'u269039761_aero', NULL, '', 0)
#1 D:\Programas Instalados\XAMPP\htdocs\AEROBALAM\system\Database\BaseConnection.php(392): CodeIgniter\Database\MySQLi\Connection->connect(false)
#2 D:\Programas Instalados\XAMPP\htdocs\AEROBALAM\system\Database\BaseConnection.php(575): CodeIgniter\Database\BaseConnection->initialize()
#3 D:\Programas Instalados\XAMPP\htdocs\AEROBALAM\system\Database\BaseBuilder.php(1615): CodeIgniter\Database\BaseConnection->query('SELECT *\nFROM `...', Array, false)
#4 D:\Programas Instalados\XAMPP\htdocs\AEROBALAM\app\Models\participantes.php(23): CodeIgniter\Database\BaseBuilder->get()
#5 D:\Programas Instalados\XAMPP\htdocs\AEROBALAM\app\Controllers\Home.php(43): App\Models\Participantes->consultarDestinos()
#6 D:\Programas Instalados\XAMPP\htdocs\AEROBALAM\system\CodeIgniter.php(942): App\Controllers\Home->prueba()
#7 D:\Programas Instalados\XAMPP\htdocs\AEROBALAM\system\CodeIgniter.php(502): CodeIgniter\CodeIgniter->runController(Object(App\Controllers\Home))
#8 D:\Programas Instalados\XAMPP\htdocs\AEROBALAM\system\CodeIgniter.php(361): CodeIgniter\CodeIgniter->handleRequest(NULL, Object(Config\Cache), false)
#9 D:\Programas Instalados\XAMPP\htdocs\AEROBALAM\index.php(79): CodeIgniter\CodeIgniter->run()
#10 {main}

Next CodeIgniter\Database\Exceptions\DatabaseException: Access denied for user '****'@'localhost' (using password: YES) in D:\Programas Instalados\XAMPP\htdocs\AEROBALAM\system\Database\MySQLi\Connection.php:229
Stack trace:
#0 D:\Programas Instalados\XAMPP\htdocs\AEROBALAM\system\Database\BaseConnection.php(392): CodeIgniter\Database\MySQLi\Connection->connect(false)
#1 D:\Programas Instalados\XAMPP\htdocs\AEROBALAM\system\Database\BaseConnection.php(575): CodeIgniter\Database\BaseConnection->initialize()
#2 D:\Programas Instalados\XAMPP\htdocs\AEROBALAM\system\Database\BaseBuilder.php(1615): CodeIgniter\Database\BaseConnection->query('SELECT *\nFROM `...', Array, false)
#3 D:\Programas Instalados\XAMPP\htdocs\AEROBALAM\app\Models\participantes.php(23): CodeIgniter\Database\BaseBuilder->get()
#4 D:\Programas Instalados\XAMPP\htdocs\AEROBALAM\app\Controllers\Home.php(43): App\Models\Participantes->consultarDestinos()
#5 D:\Programas Instalados\XAMPP\htdocs\AEROBALAM\system\CodeIgniter.php(942): App\Controllers\Home->prueba()
#6 D:\Programas Instalados\XAMPP\htdocs\AEROBALAM\system\CodeIgniter.php(502): CodeIgniter\CodeIgniter->runController(Object(App\Controllers\Home))
#7 D:\Programas Instalados\XAMPP\htdocs\AEROBALAM\system\CodeIgniter.php(361): CodeIgniter\CodeIgniter->handleRequest(NULL, Object(Config\Cache), false)
#8 D:\Programas Instalados\XAMPP\htdocs\AEROBALAM\index.php(79): CodeIgniter\CodeIgniter->run()
#9 {main}
CRITICAL - 2025-04-12 13:33:48 --> Unable to connect to the database.
Main connection [MySQLi]: Access denied for user '****'@'localhost' (using password: YES)
in SYSTEMPATH\Database\BaseConnection.php on line 428.
 1 SYSTEMPATH\Database\BaseConnection.php(575): CodeIgniter\Database\BaseConnection->initialize()
 2 SYSTEMPATH\Database\BaseBuilder.php(1615): CodeIgniter\Database\BaseConnection->query('SELECT *
FROM `Destinos`
WHERE `Status` = :Status:', [...], false)
 3 APPPATH\Models\participantes.php(23): CodeIgniter\Database\BaseBuilder->get()
 4 APPPATH\Controllers\Home.php(43): App\Models\Participantes->consultarDestinos()
 5 SYSTEMPATH\CodeIgniter.php(942): App\Controllers\Home->prueba()
 6 SYSTEMPATH\CodeIgniter.php(502): CodeIgniter\CodeIgniter->runController(Object(App\Controllers\Home))
 7 SYSTEMPATH\CodeIgniter.php(361): CodeIgniter\CodeIgniter->handleRequest(null, Object(Config\Cache), false)
 8 FCPATH\index.php(79): CodeIgniter\CodeIgniter->run()
ERROR - 2025-04-12 13:33:48 --> Error connecting to the database: mysqli_sql_exception: Access denied for user 'u269039761_user'@'localhost' (using password: YES) in D:\Programas Instalados\XAMPP\htdocs\AEROBALAM\system\Database\MySQLi\Connection.php:184
Stack trace:
#0 D:\Programas Instalados\XAMPP\htdocs\AEROBALAM\system\Database\MySQLi\Connection.php(184): mysqli->real_connect('localhost', 'u269039761_user', Object(SensitiveParameterValue), 'u269039761_aero', NULL, '', 0)
#1 D:\Programas Instalados\XAMPP\htdocs\AEROBALAM\system\Database\BaseConnection.php(392): CodeIgniter\Database\MySQLi\Connection->connect(false)
#2 D:\Programas Instalados\XAMPP\htdocs\AEROBALAM\system\Database\BaseConnection.php(575): CodeIgniter\Database\BaseConnection->initialize()
#3 D:\Programas Instalados\XAMPP\htdocs\AEROBALAM\system\Database\BaseBuilder.php(1615): CodeIgniter\Database\BaseConnection->query('SELECT *\nFROM `...', Array, false)
#4 D:\Programas Instalados\XAMPP\htdocs\AEROBALAM\app\Models\participantes.php(23): CodeIgniter\Database\BaseBuilder->get()
#5 D:\Programas Instalados\XAMPP\htdocs\AEROBALAM\app\Controllers\Home.php(43): App\Models\Participantes->consultarDestinos()
#6 D:\Programas Instalados\XAMPP\htdocs\AEROBALAM\system\CodeIgniter.php(942): App\Controllers\Home->prueba()
#7 D:\Programas Instalados\XAMPP\htdocs\AEROBALAM\system\CodeIgniter.php(502): CodeIgniter\CodeIgniter->runController(Object(App\Controllers\Home))
#8 D:\Programas Instalados\XAMPP\htdocs\AEROBALAM\system\CodeIgniter.php(361): CodeIgniter\CodeIgniter->handleRequest(NULL, Object(Config\Cache), false)
#9 D:\Programas Instalados\XAMPP\htdocs\AEROBALAM\index.php(79): CodeIgniter\CodeIgniter->run()
#10 {main}

Next CodeIgniter\Database\Exceptions\DatabaseException: Access denied for user '****'@'localhost' (using password: YES) in D:\Programas Instalados\XAMPP\htdocs\AEROBALAM\system\Database\MySQLi\Connection.php:229
Stack trace:
#0 D:\Programas Instalados\XAMPP\htdocs\AEROBALAM\system\Database\BaseConnection.php(392): CodeIgniter\Database\MySQLi\Connection->connect(false)
#1 D:\Programas Instalados\XAMPP\htdocs\AEROBALAM\system\Database\BaseConnection.php(575): CodeIgniter\Database\BaseConnection->initialize()
#2 D:\Programas Instalados\XAMPP\htdocs\AEROBALAM\system\Database\BaseBuilder.php(1615): CodeIgniter\Database\BaseConnection->query('SELECT *\nFROM `...', Array, false)
#3 D:\Programas Instalados\XAMPP\htdocs\AEROBALAM\app\Models\participantes.php(23): CodeIgniter\Database\BaseBuilder->get()
#4 D:\Programas Instalados\XAMPP\htdocs\AEROBALAM\app\Controllers\Home.php(43): App\Models\Participantes->consultarDestinos()
#5 D:\Programas Instalados\XAMPP\htdocs\AEROBALAM\system\CodeIgniter.php(942): App\Controllers\Home->prueba()
#6 D:\Programas Instalados\XAMPP\htdocs\AEROBALAM\system\CodeIgniter.php(502): CodeIgniter\CodeIgniter->runController(Object(App\Controllers\Home))
#7 D:\Programas Instalados\XAMPP\htdocs\AEROBALAM\system\CodeIgniter.php(361): CodeIgniter\CodeIgniter->handleRequest(NULL, Object(Config\Cache), false)
#8 D:\Programas Instalados\XAMPP\htdocs\AEROBALAM\index.php(79): CodeIgniter\CodeIgniter->run()
#9 {main}
CRITICAL - 2025-04-12 13:33:48 --> Unable to connect to the database.
Main connection [MySQLi]: Access denied for user '****'@'localhost' (using password: YES)
in SYSTEMPATH\Database\BaseConnection.php on line 428.
 1 SYSTEMPATH\Database\BaseConnection.php(575): CodeIgniter\Database\BaseConnection->initialize()
 2 SYSTEMPATH\Database\BaseBuilder.php(1615): CodeIgniter\Database\BaseConnection->query('SELECT *
FROM `Destinos`
WHERE `Status` = :Status:', [...], false)
 3 APPPATH\Models\participantes.php(23): CodeIgniter\Database\BaseBuilder->get()
 4 APPPATH\Controllers\Home.php(43): App\Models\Participantes->consultarDestinos()
 5 SYSTEMPATH\CodeIgniter.php(942): App\Controllers\Home->prueba()
 6 SYSTEMPATH\CodeIgniter.php(502): CodeIgniter\CodeIgniter->runController(Object(App\Controllers\Home))
 7 SYSTEMPATH\CodeIgniter.php(361): CodeIgniter\CodeIgniter->handleRequest(null, Object(Config\Cache), false)
 8 FCPATH\index.php(79): CodeIgniter\CodeIgniter->run()
ERROR - 2025-04-12 13:40:47 --> Error connecting to the database: mysqli_sql_exception: Access denied for user 'u269039761_user'@'localhost' (using password: YES) in D:\Programas Instalados\XAMPP\htdocs\AEROBALAM\system\Database\MySQLi\Connection.php:184
Stack trace:
#0 D:\Programas Instalados\XAMPP\htdocs\AEROBALAM\system\Database\MySQLi\Connection.php(184): mysqli->real_connect('localhost', 'u269039761_user', Object(SensitiveParameterValue), 'u269039761_aero', NULL, '', 0)
#1 D:\Programas Instalados\XAMPP\htdocs\AEROBALAM\system\Database\BaseConnection.php(392): CodeIgniter\Database\MySQLi\Connection->connect(false)
#2 D:\Programas Instalados\XAMPP\htdocs\AEROBALAM\system\Database\BaseConnection.php(575): CodeIgniter\Database\BaseConnection->initialize()
#3 D:\Programas Instalados\XAMPP\htdocs\AEROBALAM\system\Database\BaseBuilder.php(1615): CodeIgniter\Database\BaseConnection->query('SELECT *\nFROM `...', Array, false)
#4 D:\Programas Instalados\XAMPP\htdocs\AEROBALAM\app\Models\participantes.php(23): CodeIgniter\Database\BaseBuilder->get()
#5 D:\Programas Instalados\XAMPP\htdocs\AEROBALAM\app\Controllers\Home.php(35): App\Models\Participantes->consultarDestinos()
#6 D:\Programas Instalados\XAMPP\htdocs\AEROBALAM\system\CodeIgniter.php(942): App\Controllers\Home->index()
#7 D:\Programas Instalados\XAMPP\htdocs\AEROBALAM\system\CodeIgniter.php(502): CodeIgniter\CodeIgniter->runController(Object(App\Controllers\Home))
#8 D:\Programas Instalados\XAMPP\htdocs\AEROBALAM\system\CodeIgniter.php(361): CodeIgniter\CodeIgniter->handleRequest(NULL, Object(Config\Cache), false)
#9 D:\Programas Instalados\XAMPP\htdocs\AEROBALAM\index.php(79): CodeIgniter\CodeIgniter->run()
#10 {main}

Next CodeIgniter\Database\Exceptions\DatabaseException: Access denied for user '****'@'localhost' (using password: YES) in D:\Programas Instalados\XAMPP\htdocs\AEROBALAM\system\Database\MySQLi\Connection.php:229
Stack trace:
#0 D:\Programas Instalados\XAMPP\htdocs\AEROBALAM\system\Database\BaseConnection.php(392): CodeIgniter\Database\MySQLi\Connection->connect(false)
#1 D:\Programas Instalados\XAMPP\htdocs\AEROBALAM\system\Database\BaseConnection.php(575): CodeIgniter\Database\BaseConnection->initialize()
#2 D:\Programas Instalados\XAMPP\htdocs\AEROBALAM\system\Database\BaseBuilder.php(1615): CodeIgniter\Database\BaseConnection->query('SELECT *\nFROM `...', Array, false)
#3 D:\Programas Instalados\XAMPP\htdocs\AEROBALAM\app\Models\participantes.php(23): CodeIgniter\Database\BaseBuilder->get()
#4 D:\Programas Instalados\XAMPP\htdocs\AEROBALAM\app\Controllers\Home.php(35): App\Models\Participantes->consultarDestinos()
#5 D:\Programas Instalados\XAMPP\htdocs\AEROBALAM\system\CodeIgniter.php(942): App\Controllers\Home->index()
#6 D:\Programas Instalados\XAMPP\htdocs\AEROBALAM\system\CodeIgniter.php(502): CodeIgniter\CodeIgniter->runController(Object(App\Controllers\Home))
#7 D:\Programas Instalados\XAMPP\htdocs\AEROBALAM\system\CodeIgniter.php(361): CodeIgniter\CodeIgniter->handleRequest(NULL, Object(Config\Cache), false)
#8 D:\Programas Instalados\XAMPP\htdocs\AEROBALAM\index.php(79): CodeIgniter\CodeIgniter->run()
#9 {main}
CRITICAL - 2025-04-12 13:40:47 --> Unable to connect to the database.
Main connection [MySQLi]: Access denied for user '****'@'localhost' (using password: YES)
in SYSTEMPATH\Database\BaseConnection.php on line 428.
 1 SYSTEMPATH\Database\BaseConnection.php(575): CodeIgniter\Database\BaseConnection->initialize()
 2 SYSTEMPATH\Database\BaseBuilder.php(1615): CodeIgniter\Database\BaseConnection->query('SELECT *
FROM `Destinos`
WHERE `Status` = :Status:', [...], false)
 3 APPPATH\Models\participantes.php(23): CodeIgniter\Database\BaseBuilder->get()
 4 APPPATH\Controllers\Home.php(35): App\Models\Participantes->consultarDestinos()
 5 SYSTEMPATH\CodeIgniter.php(942): App\Controllers\Home->index()
 6 SYSTEMPATH\CodeIgniter.php(502): CodeIgniter\CodeIgniter->runController(Object(App\Controllers\Home))
 7 SYSTEMPATH\CodeIgniter.php(361): CodeIgniter\CodeIgniter->handleRequest(null, Object(Config\Cache), false)
 8 FCPATH\index.php(79): CodeIgniter\CodeIgniter->run()
